3487
76 237 87 237
15 49 26 49
98 7 109 7
15 240 26 240
14 243 25 243
192 124 195 126
74 185 85 185
140 225 151 225
135 235 146 235
115 109 126 109
92 85 103 85
89 173 100 173
127 235 130 237
137 100 148 100
167 6 178 6
137 160 148 160
29 230 40 230
168 247 171 249
199 153 199 164
117 6 128 6
149 137 160 137
93 119 104 119
182 227 193 227
177 238 188 238
125 74 136 74
76 104 87 104
130 145 141 145
83 105 94 105
16 169 27 169
75 122 78 124
78 117 81 119
141 126 144 128
81 114 92 114
31 141 42 141
81 243 84 245
75 202 78 204
91 133 94 135
124 49 135 49
187 39 198 39
119 111 122 113
67 114 78 114
140 98 151 98
152 133 163 133
6 206 17 206
103 42 114 42
59 22 70 22
64 118 75 118
182 202 193 202
75 163 86 163
103 88 114 88
24 108 35 108
131 246 142 246
85 32 90 33
16 204 27 204
147 6 158 6
116 86 119 88
173 37 176 39
103 103 114 103
54 127 65 127
108 150 111 152
180 243 191 243
136 13 147 13
81 127 92 127
35 170 46 170
114 217 125 217
58 188 69 188
122 81 133 81
158 47 169 47
85 9 96 9
115 129 126 129
76 24 87 24
184 24 185 29
87 222 98 222
153 236 164 236
116 241 127 241
63 74 74 74
26 12 37 12
107 232 112 233
29 59 40 59
195 184 198 186
47 191 58 191
11 82 22 82
142 139 153 139
128 184 131 186
46 25 57 25
166 103 177 103
11 245 22 245
174 105 185 105
169 41 180 41
54 120 65 120
42 222 53 222
164 143 175 143
151 120 162 120
81 11 92 11
127 192 138 192
170 89 181 89
105 194 108 196
153 155 164 155
194 65 197 67
95 113 98 115
182 7 193 7
176 220 187 220
58 57 69 57
29 96 40 96
161 218 172 218
169 130 180 130
29 152 40 152
198 135 198 146
107 86 112 87
65 96 76 96
11 60 22 60
179 204 190 204
198 43 198 54
9 116 20 116
94 84 105 84
121 135 132 135
66 46 77 46
195 144 196 149
123 101 134 101
45 161 56 161
129 41 140 41
11 4 22 4
148 197 153 198
175 26 178 28
131 141 142 141
15 194 26 194
53 202 64 202
137 86 148 86
157 152 168 152
165 174 176 174
21 191 32 191
172 101 183 101
48 152 59 152
75 199 78 201
146 177 149 179
159 183 170 183
194 190 197 192
43 244 46 246
76 211 87 211
94 176 105 176
152 49 163 49
174 244 177 246
66 43 69 45
126 125 137 125
140 180 151 180
152 230 163 230
185 18 188 20
13 88 24 88
154 182 165 182
97 232 100 234
78 97 89 97
172 112 175 114
89 155 100 155
66 144 77 144
23 215 34 215
145 4 156 4
22 135 33 135
176 76 187 76
190 134 191 139
39 51 50 51
83 34 94 34
169 152 180 152
58 33 61 35
172 68 183 68
7 212 18 212
184 110 187 112
176 107 187 107
95 181 106 181
134 23 137 25
87 83 98 83
154 179 165 179
159 166 170 166
162 150 173 150
96 73 107 73
92 42 95 44
179 153 190 153
185 249 196 249
53 109 64 109
39 22 50 22
121 0 132 0
66 200 69 202
180 1 182 4
50 38 61 38
58 239 69 239
23 158 26 160
191 1 192 6
53 14 64 14
128 210 139 210
105 89 116 89
4 88 7 90
46 64 57 64
131 85 142 85
145 14 156 14
37 211 48 211
190 124 191 129
86 136 97 136
75 106 86 106
142 38 153 38
135 159 146 159
195 227 198 229
135 242 146 242
111 114 122 114
57 159 68 159
33 221 44 221
5 95 16 95
43 216 54 216
141 103 152 103
136 119 147 119
145 73 156 73
18 16 29 16
131 172 142 172
114 73 117 75
29 81 30 86
177 221 188 221
39 227 50 227
162 177 173 177
44 62 55 62
7 37 10 39
117 37 128 37
157 9 168 9
0 117 11 117
96 29 107 29
136 211 147 211
164 77 175 77
39 236 50 236
10 169 11 174
66 233 77 233
190 184 193 186
192 113 195 115
150 46 161 46
127 88 138 88
55 222 66 222
166 176 177 176
196 41 197 46
28 45 31 47
186 190 189 192
189 117 192 119
57 129 68 129
37 127 48 127
107 169 118 169
177 239 188 239
155 216 166 216
143 205 154 205
60 26 71 26
187 66 190 68
7 217 18 217
100 69 111 69
11 8 22 8
185 102 196 102
177 185 188 185
58 78 69 78
15 107 26 107
184 62 195 62
110 119 121 119
124 31 135 31
141 10 152 10
150 35 161 35
180 146 191 146
113 219 124 219
77 224 88 224
199 49 199 60
160 233 171 233
9 148 20 148
50 42 53 44
171 67 171 76
98 129 109 129
130 223 141 223
131 203 142 203
44 178 55 178
69 64 80 64
97 245 108 245
80 209 91 209
1 238 4 240
195 72 198 74
31 137 42 137
190 53 193 55
23 46 26 48
191 80 194 82
138 54 149 54
21 160 22 165
169 187 180 187
114 58 125 58
130 66 141 66
164 192 167 194
92 76 103 76
46 134 57 134
64 154 69 155
75 67 78 69
47 59 58 59
42 4 53 4
148 111 159 111
38 159 49 159
42 23 47 24
41 34 52 34
64 190 75 190
120 36 131 36
22 246 33 246
110 175 121 175
147 108 158 108
114 144 125 144
134 102 145 102
20 56 31 56
18 111 29 111
196 53 197 58
62 216 73 216
11 3 22 3
29 75 40 75
47 217 58 217
90 201 101 201
32 63 43 63
144 58 155 58
109 147 120 147
135 161 146 161
193 23 196 25
131 248 142 248
52 127 53 132
2 105 13 105
62 96 63 101
171 200 182 200
0 207 11 207
149 83 160 83
170 24 181 24
129 240 140 240
23 14 34 14
37 194 48 194
2 64 13 64
52 181 63 181
182 231 193 231
90 89 101 89
148 29 159 29
196 83 199 85
34 172 45 172
54 231 65 231
161 168 172 168
174 119 185 119
123 130 134 130
180 65 183 67
157 15 168 15
188 115 188 126
179 113 190 113
45 195 56 195
173 21 184 21
66 59 77 59
164 184 175 184
20 120 31 120
137 36 148 36
87 173 88 178
19 174 19 185
94 140 105 140
155 192 158 194
55 96 58 98
24 205 35 205
149 55 160 55
181 210 192 210
38 88 49 88
60 83 71 83
187 233 198 233
119 145 124 146
96 60 107 60
96 6 107 6
18 63 29 63
171 175 182 175
71 212 82 212
98 186 109 186
102 81 113 81
43 104 54 104
177 247 188 247
173 70 184 70
108 72 119 72
151 74 162 74
104 190 107 192
138 50 149 50
61 151 72 151
43 204 54 204
152 178 163 178
128 149 139 149
116 91 127 91
56 220 67 220
103 45 114 45
105 35 116 35
11 87 22 87
185 106 196 106
196 194 199 196
109 131 120 131
167 37 172 38
61 157 72 157
25 29 28 31
103 26 114 26
5 162 16 162
166 25 177 25
90 100 101 100
42 78 53 78
99 5 110 5
25 40 36 40
181 223 192 223
155 26 166 26
11 2 22 2
103 150 106 152
120 30 131 30
64 76 75 76
167 18 178 18
121 108 132 108
110 134 121 134
197 199 198 204
122 20 133 20
42 182 53 182
103 247 114 247
21 106 32 106
183 189 194 189
106 184 117 184
15 153 26 153
144 95 155 95
152 72 163 72
35 97 46 97
116 46 127 46
28 70 39 70
181 216 192 216
128 62 139 62
114 208 125 208
78 25 89 25
11 201 14 203
13 59 24 59
194 140 197 142
186 165 197 165
147 214 158 214
142 233 153 233
181 58 192 58
197 103 198 108
161 231 172 231
22 235 33 235
123 131 134 131
154 70 165 70
80 95 91 95
33 216 36 218
19 141 30 141
160 170 171 170
88 185 99 185
135 77 146 77
83 13 88 14
44 232 55 232
4 174 7 176
74 26 85 26
89 21 92 23
172 211 183 211
118 25 129 25
194 119 197 121
172 98 183 98
6 73 17 73
112 188 123 188
169 136 180 136
122 59 133 59
180 191 183 193
21 58 32 58
128 115 139 115
4 152 15 152
174 30 185 30
65 201 65 212
123 211 134 211
93 168 104 168
2 101 13 101
66 42 77 42
96 207 107 207
148 249 159 249
46 73 57 73
109 249 120 249
136 241 147 241
43 233 54 233
161 167 172 167
63 249 74 249
25 161 36 161
72 171 83 171
175 221 176 226
41 183 52 183
55 205 58 207
52 48 63 48
146 165 157 165
36 45 41 46
121 172 124 174
42 13 53 13
33 127 36 129
179 28 183 29
54 126 65 126
78 188 89 188
152 241 163 241
81 235 92 235
27 171 30 173
83 135 84 140
144 146 155 146
137 118 148 118
32 131 43 131
107 189 118 189
129 8 140 8
117 33 128 33
155 82 166 82
64 235 75 235
3 6 14 6
6 181 17 181
47 186 58 186
79 108 90 108
138 135 149 135
165 135 176 135
91 167 102 167
183 51 194 51
20 170 23 172
39 208 50 208
153 173 164 173
23 21 34 21
70 49 81 49
156 224 167 224
121 220 132 220
6 103 11 104
51 236 51 247
155 162 166 162
4 235 15 235
40 115 51 115
171 15 182 15
65 98 76 98
110 105 121 105
146 147 157 147
95 108 106 108
183 200 194 200
9 43 20 43
163 202 174 202
3 35 14 35
60 50 71 50
106 119 109 121
31 228 42 228
37 132 40 134
193 222 196 224
172 108 183 108
127 170 138 170
49 133 60 133
11 141 14 143
173 53 184 53
140 9 151 9
93 195 104 195
186 115 187 120
129 181 140 181
33 181 44 181
25 15 36 15
18 110 29 110
62 79 73 79
130 89 141 89
124 96 135 96
141 194 152 194
154 128 165 128
12 94 23 94
109 187 120 187
133 137 144 137
126 17 129 19
146 43 157 43
13 194 14 199
46 166 57 166
33 32 44 32
6 180 17 180
53 80 64 80
61 130 72 130
105 75 108 77
137 73 140 75
39 66 42 68
146 141 157 141
67 72 78 72
197 114 199 117
21 40 24 42
128 145 129 148
177 159 188 159
113 152 124 152
113 124 124 124
163 6 166 8
76 56 87 56
37 235 48 235
116 155 127 155
148 247 159 247
64 147 75 147
45 71 56 71
61 133 72 133
162 55 173 55
49 27 60 27
62 140 73 140
111 241 114 243
3 78 14 78
169 92 180 92
124 119 135 119
56 93 67 93
83 68 86 70
181 83 192 83
42 158 53 158
161 210 172 210
70 135 72 138
151 130 162 130
3 248 14 248
17 20 28 20
149 120 150 125
102 33 113 33
163 18 166 20
58 229 63 230
98 67 109 67
22 131 25 133
107 101 118 101
183 186 186 188
115 133 126 133
125 78 136 78
196 122 199 124
148 32 159 32
44 7 55 7
49 126 50 131
50 188 55 189
61 15 72 15
174 23 185 23
173 206 184 206
31 88 34 90
116 64 127 64
104 241 107 243
148 134 159 134
31 138 42 138
45 70 56 70
20 197 31 197
67 219 78 219
50 50 59 50
172 2 175 4
168 238 171 240
28 248 39 248
125 195 136 195
148 16 159 16
52 117 63 117
145 158 156 158
55 227 66 227
110 77 121 77
83 113 94 113
199 100 199 111
98 206 109 206
19 96 22 98
26 170 26 181
155 228 166 228
25 148 36 148
130 120 141 120
87 53 98 53
167 213 178 213
63 212 64 215
1 163 12 163
43 94 54 94
171 172 182 172
156 19 159 21
198 155 198 166
34 52 45 52
8 218 19 218
110 123 121 123
148 207 159 207
93 124 104 124
75 18 86 18
130 44 141 44
10 231 21 231
72 207 83 207
69 181 80 181
161 88 172 88
18 125 29 125
87 106 98 106
114 56 125 56
45 224 56 224
135 113 146 113
83 123 94 123
147 116 158 116
97 80 108 80
127 28 138 28
136 185 139 187
152 102 163 102
74 17 85 17
47 28 58 28
117 207 128 207
51 118 62 118
65 12 76 12
3 245 6 247
172 57 183 57
108 230 119 230
142 193 153 193
6 92 17 92
141 14 144 16
161 87 172 87
66 241 77 241
20 45 22 48
149 202 160 202
183 156 194 156
28 226 39 226
179 129 189 129
87 243 98 243
4 51 15 51
185 169 196 169
166 241 177 241
110 40 121 40
116 210 127 210
187 103 190 105
78 132 89 132
80 159 91 159
65 158 76 158
10 135 21 135
43 116 54 116
127 61 138 61
128 138 139 138
86 16 97 16
189 187 194 188
116 186 127 186
72 109 83 109
9 240 12 242
84 118 95 118
3 136 14 136
174 88 185 88
143 217 154 217
175 167 186 167
86 242 97 242
127 109 138 109
144 89 155 89
105 201 116 201
77 41 88 41
131 98 136 99
131 95 142 95
106 202 117 202
99 77 102 79
23 76 34 76
76 110 87 110
33 183 38 184
32 118 43 118
142 222 153 222
117 47 128 47
107 162 118 162
70 183 81 183
186 236 197 236
6 189 17 189
39 175 42 177
3 149 14 149
177 55 188 55
21 218 32 218
142 51 153 51
138 142 149 142
160 64 171 64
161 174 164 176
176 248 187 248
151 97 162 97
68 131 79 131
110 9 113 11
139 104 150 104
73 101 84 101
173 237 184 237
157 172 168 172
61 119 72 119
142 4 144 7
142 156 144 158
101 196 104 198
145 91 156 91
186 237 197 237
127 209 138 209
118 3 129 3
34 179 45 179
36 112 47 112
45 190 46 193
27 9 38 9
21 13 32 13
184 48 195 48
96 37 107 37
199 129 199 140
12 104 23 104
72 192 83 192
112 115 123 115
96 101 99 103
168 69 169 74
120 107 131 107
157 107 168 107
6 192 17 192
132 167 143 167
68 86 79 86
59 105 70 105
165 114 170 115
59 29 70 29
170 122 173 124
43 120 46 122
109 17 120 17
121 227 132 227
95 169 106 169
20 113 31 113
77 133 88 133
126 142 137 142
20 185 31 185
125 43 136 43
135 208 146 208
66 128 77 128
192 122 195 123
134 37 145 37
108 47 111 49
16 86 27 86
117 79 120 81
92 145 103 145
66 153 77 153
131 76 142 76
41 241 44 243
39 34 39 44
73 104 74 108
49 26 59 26
110 39 121 39
78 186 83 187
42 239 47 240
139 123 142 125
7 46 18 46
22 52 33 52
166 149 177 149
17 143 28 143
140 170 151 170
185 173 196 173
4 210 9 211
35 175 38 177
63 168 74 168
72 122 73 127
142 154 153 154
29 101 40 101
170 22 181 22
170 60 181 60
21 75 22 80
149 239 160 239
150 183 153 185
152 208 163 208
117 151 128 151
142 2 147 3
130 229 141 229
58 69 69 69
177 49 188 49
108 115 111 117
53 15 58 16
118 149 127 149
143 164 154 164
57 156 68 156
153 122 164 122
134 32 136 35
10 200 21 200
79 39 90 39
140 97 150 97
18 229 29 229
85 78 96 78
166 139 177 139
153 171 164 171
63 110 74 110
53 83 56 85
41 111 52 111
83 107 94 107
169 161 174 162
44 26 45 31
24 89 27 91
46 229 57 229
131 173 142 173
161 159 172 159
187 42 190 44
114 95 125 95
7 97 18 97
112 36 115 38
157 106 168 106
119 195 122 197
37 238 48 238
105 226 116 226
73 143 84 143
108 143 119 143
123 132 134 132
49 108 60 108
173 140 176 142
108 23 119 23
183 5 188 6
182 46 193 46
48 147 59 147
123 82 134 82
111 214 122 214
33 7 38 8
20 65 31 65
22 210 33 210
45 98 48 100
161 214 172 214
167 178 170 180
177 199 188 199
63 36 74 36
98 171 109 171
107 118 118 118
20 17 31 17
6 17 9 19
43 147 46 149
1 179 12 179
35 200 46 200
18 101 21 103
119 52 130 52
82 220 93 220
104 174 115 174
27 100 38 100
185 208 196 208
184 96 195 96
110 22 121 22
177 63 188 63
7 20 10 22
113 159 124 159
37 130 48 130
137 247 147 247
1 27 12 27
78 214 89 214
141 215 152 215
32 11 43 11
179 5 180 10
24 190 35 190
131 153 142 153
33 233 38 234
10 25 21 25
106 82 117 82
191 176 196 177
105 44 116 44
36 76 47 76
111 238 122 238
42 1 53 1
170 147 181 147
170 165 181 165
105 51 108 53
19 69 22 71
125 66 128 68
95 227 106 227
91 143 102 143
7 32 18 32
138 12 149 12
0 85 11 85
167 197 178 197
30 221 32 224
177 93 188 93
44 58 55 58
7 225 10 227
168 222 171 224
152 210 155 212
153 3 164 3
96 180 107 180
10 158 21 158
183 40 194 40
73 92 84 92
68 82 79 82
95 221 106 221
10 118 21 118
126 5 137 5
108 104 119 104
1 33 6 34
5 182 16 182
83 179 94 179
176 59 187 59
34 240 37 242
52 246 63 246
61 40 72 40
109 105 109 114
158 113 169 113
186 24 187 29
88 66 99 66
23 8 26 10
100 172 111 172
93 193 104 193
134 17 145 17
22 184 32 184
68 102 79 102
175 231 178 233
145 206 156 206
10 26 21 26
107 216 118 216
7 242 8 247
161 11 172 11
4 112 15 112
25 192 36 192
95 198 98 200
81 34 82 38
142 199 145 201
172 234 183 234
137 45 148 45
34 156 45 156
157 221 168 221
134 59 145 59
114 62 125 62
96 191 101 192
118 85 129 85
192 95 199 95
45 83 48 85
71 16 82 16
67 175 78 175
130 159 133 161
149 191 154 192
174 47 185 47
174 44 185 44
79 162 90 162
75 52 86 52
98 110 101 112
87 96 98 96
181 8 192 8
100 30 111 30
61 138 66 139
85 189 96 189
145 237 156 237
103 148 108 149
119 171 130 171
180 69 191 69
10 246 21 246
54 121 59 122
187 137 188 142
23 60 34 60
165 22 168 24
181 141 184 143
96 137 107 137
104 210 107 212
18 100 26 100
20 39 31 39
79 223 90 223
95 54 106 54
78 91 89 91
175 45 180 46
136 130 139 132
137 133 148 133
3 42 14 42
49 43 49 50
15 138 26 138
157 203 168 203
142 19 153 19
43 202 48 203
101 182 112 182
157 163 168 163
142 219 153 219
9 53 20 53
112 46 115 48
109 191 120 191
178 192 179 196
75 243 78 245
152 176 157 177
44 80 47 82
160 219 171 219
110 168 121 168
180 14 191 14
169 43 180 43
92 12 103 12
49 145 60 145
137 60 148 60
179 35 182 37
113 160 124 160
63 121 74 121
67 106 72 107
106 43 117 43
13 220 16 222
47 125 58 125
171 44 172 49
53 167 64 167
161 59 166 60
35 106 46 106
65 161 76 161
43 9 54 9
95 141 106 141
193 133 196 135
147 81 158 81
84 227 87 229
78 208 89 208
184 74 189 75
96 239 107 239
34 149 37 151
135 26 146 26
115 54 120 55
0 2 3 4
0 42 2 45
60 114 65 115
183 131 194 131
106 142 117 142
162 13 173 13
32 140 43 140
38 102 49 102
17 89 20 91
3 182 4 187
39 33 50 33
76 35 79 37
114 224 125 224
179 179 190 179
2 120 13 120
16 213 27 213
185 219 196 219
99 14 110 14
76 133 76 142
15 109 26 109
12 18 23 18
0 137 11 137
2 181 2 192
186 144 191 145
0 150 11 150
15 239 26 239
43 212 54 212
105 91 108 93
180 246 191 246
145 42 156 42
35 56 38 58
153 117 164 117
45 37 56 37
128 179 139 179
1 92 4 94
18 220 29 220
99 187 102 189
75 209 79 210
174 163 185 163
75 121 86 121
12 11 23 11
9 114 20 114
34 55 45 55
47 95 58 95
89 104 100 104
98 117 103 118
176 106 184 106
184 92 195 92
117 34 128 34
0 82 3 84
153 229 164 229
90 41 101 41
165 79 176 79
16 34 27 34
167 10 178 10
47 67 58 67
78 59 89 59
17 83 28 83
121 11 132 11
33 78 36 80
149 2 160 2
51 101 61 101
180 160 191 160
115 84 126 84
129 199 140 199
139 151 150 151
70 225 81 225
177 64 188 64
78 103 89 103
73 38 76 40
36 244 39 246
1 105 1 116
56 143 67 143
34 34 37 36
48 72 59 72
8 111 17 111
13 23 24 23
142 152 153 152
58 17 69 17
49 179 60 179
165 0 176 0
93 51 104 51
100 185 111 185
119 199 122 201
171 217 182 217
83 93 94 93
137 106 148 106
148 129 159 129
10 229 15 230
57 140 60 142
124 70 135 70
32 207 43 207
196 35 199 37
42 61 53 61
164 118 175 118
30 50 41 50
4 145 6 148
104 64 115 64
39 27 41 30
103 120 105 123
82 173 85 175
121 167 131 167
84 240 95 240
165 44 168 46
187 149 190 151
10 215 21 215
186 98 191 99
71 192 71 203
98 3 109 3
189 49 194 50
60 46 65 47
7 119 18 119
120 96 123 98
152 204 163 204
120 92 131 92
72 10 83 10
65 246 76 246
39 191 42 193
42 185 53 185
7 82 10 84
53 81 64 81
39 215 50 215
107 223 118 223
109 227 120 227
65 102 67 104
74 169 85 169
96 58 107 58
60 24 71 24
98 64 103 65
136 166 147 166
127 71 138 71
39 90 50 90
154 53 165 53
104 95 107 97
166 66 177 66
23 177 24 182
8 128 11 130
134 45 136 48
96 56 107 56
179 184 189 184
142 62 153 62
6 80 17 80
91 5 94 7
35 48 46 48
94 178 105 178
56 29 57 34
121 53 132 53
109 166 120 166
61 87 72 87
125 193 136 193
100 15 111 15
123 110 134 110
117 48 128 48
133 244 144 244
176 144 179 146
69 214 74 215
123 249 134 249
149 114 154 115
66 205 77 205
142 189 145 191
19 144 30 144
39 82 42 84
90 52 101 52
154 68 165 68
86 150 91 151
18 99 29 99
30 203 41 203
33 81 36 83
106 146 117 146
163 32 164 37
41 163 52 163
172 58 180 58
21 68 32 68
71 173 76 174
77 248 88 248
50 75 61 75
37 188 48 188
132 168 143 168
135 221 146 221
147 124 148 128
90 193 91 198
32 213 43 213
132 206 143 206
68 32 79 32
122 126 133 126
195 27 198 29
113 20 118 21
167 98 170 100
185 158 196 158
85 161 96 161
44 86 55 86
17 133 21 134
134 93 145 93
140 64 151 64
135 190 140 191
53 68 64 68
161 4 166 5
32 214 43 214
96 132 99 134
132 129 143 129
8 167 19 167
125 137 127 140
143 218 154 218
153 21 154 26
82 149 93 149
80 233 85 234
40 5 51 5
102 235 113 235
54 44 65 44
171 12 182 12
70 55 81 55
151 220 162 220
139 184 149 184
13 54 24 54
15 168 26 168
186 226 197 226
12 30 23 30
182 177 187 178
135 146 138 148
117 177 128 177
15 234 26 234
169 212 180 212
188 15 199 15
4 161 15 161
189 197 192 199
66 48 77 48
85 109 96 109
28 49 39 49
195 171 199 172
73 43 84 43
179 71 190 71
95 46 106 46
109 203 120 203
171 203 174 205
160 153 171 153
101 1 112 1
39 126 48 126
139 23 150 23
187 133 189 136
60 112 71 112
64 182 67 184
128 200 139 200
81 94 92 94
8 57 19 57
154 189 165 189
66 142 75 142
89 174 100 174
168 29 171 31
33 174 44 174
135 162 146 162
105 65 116 65
132 216 143 216
1 7 12 7
181 232 192 232
43 15 46 17
57 0 68 0
41 173 52 173
192 41 195 43
46 155 57 155
115 231 126 231
51 53 62 53
40 39 51 39
194 10 197 12
171 235 182 235
142 33 153 33
153 232 164 232
51 148 62 148
32 247 43 247
48 249 59 249
131 197 142 197
30 34 33 36
188 31 199 31
77 193 88 193
68 242 79 242
40 36 51 36
165 63 176 63
132 30 143 30
65 52 68 54
90 119 92 122
123 38 134 38
52 6 63 6
111 92 114 94
18 117 29 117
12 145 23 145
97 59 108 59
153 118 158 119
47 170 58 170
37 17 40 19
19 130 30 130
152 54 163 54
143 182 148 183
191 64 193 67
141 111 146 112
80 148 81 153
142 96 153 96
23 161 24 166
78 20 89 20
159 211 170 211
73 71 84 71
28 209 39 209
72 29 83 29
32 220 43 220
180 241 191 241
161 238 164 240
33 231 44 231
190 247 195 248
144 227 155 227
31 178 42 178
145 125 146 130
199 210 199 221
177 183 188 183
78 5 89 5
90 97 101 97
26 23 37 23
155 180 160 181
9 31 20 31
86 65 97 65
103 112 106 114
31 69 42 69
78 155 81 157
94 165 105 165
166 90 171 91
95 210 98 212
145 140 156 140
0 157 11 157
101 106 106 107
106 39 109 41
175 179 178 181
49 242 50 247
195 182 199 183
145 188 156 188
157 41 168 41
58 107 66 107
174 155 185 155
10 67 21 67
4 49 14 49
46 160 57 160
89 169 92 171
65 10 70 11
86 186 97 186
48 230 53 231
13 123 24 123
138 29 147 29
63 35 74 35
159 92 162 94
108 224 113 225
5 60 8 62
138 90 149 90
9 36 20 36
143 71 148 72
165 245 170 246
130 224 141 224
7 196 10 198
123 182 134 182
13 214 24 214
42 79 53 79
149 149 154 150
157 52 168 52
89 165 93 166
15 124 26 124
113 130 122 130
18 180 18 191
37 158 37 169
53 149 64 149
21 31 24 33
176 215 187 215
168 16 179 16
12 131 15 133
164 164 175 164
10 123 12 126
163 243 174 243
152 151 163 151
109 28 120 28
184 61 195 61
35 193 36 198
29 67 38 67
121 69 132 69
140 202 148 202
5 187 16 187
55 17 56 22
11 21 16 22
61 211 62 215
27 107 38 107
107 163 118 163
191 28 194 30
75 220 78 222
127 111 138 111
20 203 29 203
58 162 69 162
91 180 94 182
136 182 141 183
109 154 120 154
73 237 75 240
89 183 100 183
0 208 11 208
36 84 37 89
167 119 170 121
72 226 83 226
28 89 29 94
84 204 87 206
48 96 53 97
105 156 116 156
141 187 152 187
141 178 145 179
149 25 152 27
124 54 135 54
13 47 18 48
172 194 175 196
27 97 32 98
160 56 171 56
63 204 64 209
160 36 162 39
187 85 190 87
3 129 6 131
55 112 58 114
28 178 29 183
199 3 199 14
68 218 79 218
26 207 31 208
174 40 182 40
135 227 140 228
127 222 129 225
173 44 173 52
183 2 186 4
186 132 197 132
17 220 17 230
125 175 136 175
76 22 87 22
6 55 17 55
144 70 153 70
151 44 162 44
63 8 74 8
118 247 129 247
39 135 50 135
185 143 196 143
56 197 67 197
23 80 26 82
173 91 184 91
76 50 87 50
143 163 154 163
91 225 102 225
120 216 131 216
136 176 147 176
33 6 44 6
185 90 196 90
170 27 174 28
112 176 123 176
98 216 101 218
63 20 74 20
110 50 121 50
6 232 17 232
99 4 110 4
119 60 130 60
0 67 3 69
131 164 142 164
81 86 92 86
84 10 95 10
195 4 198 6
46 180 57 180
126 10 137 10
23 207 25 209
104 21 107 23
72 196 75 198
83 111 94 111
184 133 186 136
61 59 64 61
85 27 96 27
96 40 105 40
130 112 140 112
91 37 94 39
99 131 108 131
175 218 186 218
64 37 75 37
158 143 161 145
119 82 122 83
82 98 93 98
133 4 141 4
12 1 23 1
52 23 63 23
80 210 91 210
48 164 59 164
56 7 67 7
29 237 40 237
37 206 48 206
30 163 31 168
18 55 29 55
97 26 100 28
38 150 49 150
139 212 150 212
129 232 140 232
57 87 60 89
114 236 125 236
118 225 123 226
197 206 198 211
68 125 71 127
103 153 114 153
163 21 172 21
184 120 185 125
126 144 127 148
121 100 132 100
87 130 98 130
196 128 198 131
22 66 33 66
61 39 72 39
88 55 99 55
2 202 5 204
0 56 11 56
76 129 87 129
73 154 84 154
59 8 62 10
176 31 187 31
36 24 39 26
60 28 71 28
125 196 136 196
139 61 150 61
150 195 161 195
25 127 28 129
95 72 106 72
89 126 100 126
78 87 81 89
0 90 0 101
45 11 56 11
151 168 156 169
158 243 161 245
85 247 96 247
117 12 122 13
189 56 194 57
137 48 148 48
191 89 199 89
11 0 22 0
181 174 192 174
99 115 104 116
186 108 191 109
119 67 124 68
194 239 197 241
42 77 53 77
175 209 186 209
84 90 95 90
49 139 60 139
31 93 42 93
88 215 91 217
136 51 139 53
80 1 91 1
121 180 132 180
163 96 174 96
102 16 113 16
83 215 86 217
123 88 126 90
139 39 150 39
12 76 17 77
41 154 52 154
98 231 109 231
27 231 30 233
44 164 45 169
129 116 140 116
178 226 181 228
110 198 121 198
88 196 89 201
95 34 106 34
125 76 130 77
30 26 33 28
73 63 84 63
108 207 111 209
168 155 171 157
6 3 9 5
177 123 180 125
176 54 187 54
150 145 157 145
38 187 49 187
174 168 185 168
126 157 137 157
68 237 72 238
15 108 23 108
132 165 143 165
68 184 79 184
82 80 93 80
15 61 26 61
59 194 70 194
105 126 116 126
87 141 90 143
78 139 81 141
101 47 104 49
191 190 192 195
44 128 48 129
54 184 59 185
176 189 179 191
123 13 126 15
11 65 16 66
42 40 53 40
167 182 178 182
3 168 14 168
122 141 125 143
150 59 155 60
83 239 94 239
43 157 54 157
52 45 63 45
44 214 55 214
106 102 117 102
108 63 119 63
194 151 197 153
156 110 167 110
66 165 77 165
88 236 99 236
70 88 73 90
176 11 187 11
159 123 162 125
161 226 172 226
17 171 18 176
98 62 109 62
195 51 195 60
98 92 101 94
125 174 136 174
126 189 137 189
72 115 83 115
8 172 9 177
85 42 88 44
5 11 10 12
30 133 35 134
54 221 65 221
13 184 16 186
149 153 159 153
127 162 130 164
91 214 102 214
186 206 191 207
116 30 119 32
163 104 174 104
104 156 104 164
135 1 146 1
191 181 194 183
17 6 28 6
83 167 88 168
85 219 96 219
30 116 41 116
184 65 186 68
91 202 102 202
131 68 142 68
144 66 155 66
34 18 36 20
26 0 37 0
55 239 56 244
57 150 68 150
106 205 117 205
134 143 145 143
103 109 106 111
115 229 126 229
15 140 26 140
185 193 188 195
121 9 132 9
77 167 82 168
141 81 143 84
177 156 180 158
70 148 73 150
8 68 19 68
103 217 106 219
65 73 76 73
34 224 44 224
95 146 98 148
19 156 30 156
144 186 155 186
76 6 87 6
54 154 63 154
89 147 94 148
139 94 150 94
0 176 3 178
27 71 38 71
77 84 88 84
192 213 195 215
165 130 168 132
142 107 153 107
68 67 73 68
120 51 131 51
40 139 48 139
79 147 88 147
57 233 60 235
119 44 124 45
148 157 159 157
130 33 133 35
61 51 72 51
131 24 133 27
186 170 197 170
121 163 124 165
82 81 93 81
180 161 191 161
53 247 64 247
148 15 156 15
106 159 109 161
163 247 166 249
0 212 3 214
25 73 30 74
27 48 34 48
93 91 104 91
17 74 24 74
88 26 96 26
75 99 86 99
131 222 141 222
32 193 34 196
88 92 97 92
112 132 122 132
152 248 162 248
3 191 14 191
148 161 159 161
107 12 112 13
193 127 195 130
79 198 82 200
183 32 194 32
7 204 12 205
123 63 134 63
142 21 147 22
14 101 17 103
109 215 120 215
73 227 76 229
180 56 188 56
115 228 126 228
166 80 177 80
102 17 107 18
101 153 102 158
53 165 64 165
135 249 146 249
107 176 110 178
96 170 107 170
190 63 199 63
136 198 147 198
162 27 165 29
96 159 101 160
162 206 167 207
69 172 80 172
150 200 161 200
87 139 98 139
191 238 193 240
191 84 194 86
96 47 99 49
23 26 26 28
137 237 140 239
149 17 160 17
27 158 30 160
186 33 197 33
151 190 162 190
33 61 38 62
100 204 111 204
14 155 25 155
5 230 9 231
185 147 190 148
29 199 32 201
97 127 108 127
196 75 197 80
56 49 67 49
113 204 124 204
189 94 199 94
90 245 95 246
40 41 51 41
110 220 113 222
70 146 81 146
152 11 155 13
174 94 179 95
185 45 195 45
32 104 42 104
11 220 12 225
172 190 175 192
132 218 137 219
59 12 64 13
49 91 60 91
52 2 63 2
129 242 132 244
153 65 164 65
163 78 174 78
55 198 66 198
31 105 42 105
128 183 135 183
88 230 99 230
188 72 193 73
63 56 74 56
174 132 179 133
43 19 46 21
158 234 169 234
176 97 187 97
59 31 70 31
156 114 161 115
48 151 59 151
12 37 23 37
115 237 126 237
149 226 160 226
0 87 3 89
74 58 85 58
1 155 12 155
143 210 151 210
50 106 61 106
45 138 56 138
123 1 134 1
112 110 115 112
89 87 100 87
107 228 112 229
163 209 174 209
118 18 123 19
67 70 72 71
181 240 190 240
0 22 3 24
161 196 164 198
16 151 27 151
121 103 132 103
43 114 54 114
140 230 151 230
132 139 137 140
0 161 0 172
0 190 1 195
77 1 79 4
83 212 94 212
174 230 185 230
56 203 61 204
4 151 15 151
71 21 82 21
97 177 106 177
75 8 86 8
173 207 184 207
87 158 98 158
110 120 113 122
76 215 79 217
131 14 134 16
163 185 174 185
115 222 126 222
32 173 40 173
1 224 4 226
73 7 84 7
152 18 162 18
86 231 97 231
54 169 65 169
12 209 15 211
154 183 157 185
187 157 197 157
123 197 128 198
100 199 111 199
39 223 50 223
181 242 192 242
86 37 90 38
106 128 117 128
145 0 156 0
175 219 184 219
49 168 60 168
72 13 82 13
29 103 40 103
16 122 27 122
147 74 148 79
172 216 180 216
147 1 158 1
93 203 104 203
106 166 108 168
32 53 37 54
154 121 165 121
177 164 188 164
16 126 27 126
167 148 178 148
4 169 7 171
61 178 72 178
95 50 106 50
169 236 180 236
155 71 166 71
175 123 176 128
69 65 74 66
185 211 196 211
81 227 82 232
135 105 146 105
181 41 186 42
40 7 42 10
160 156 165 157
113 246 124 246
119 121 124 122
100 125 111 125
162 83 173 83
97 162 100 164
56 102 59 104
83 172 94 172
155 37 158 39
52 239 53 244
51 92 55 93
100 241 103 243
59 110 62 111
53 200 64 200
53 99 58 100
86 233 91 234
124 7 135 7
51 176 62 176
48 225 59 225
125 102 133 102
103 135 114 135
199 201 199 209
143 171 146 173
143 203 154 203
35 42 38 44
79 27 84 28
104 66 115 66
109 27 120 27
60 223 71 223
183 127 188 128
52 19 54 22
57 209 60 211
110 59 121 59
8 23 12 24
77 61 88 61
161 147 164 149
148 68 153 69
182 214 191 214
108 164 113 165
188 180 199 180
88 60 95 60
108 73 113 74
125 233 136 233
191 20 194 22
83 203 92 203
82 152 87 153
102 240 113 240
5 96 16 96
41 124 52 124
21 64 32 64
76 160 87 160
106 140 117 140
63 193 70 193
72 145 83 145
150 78 161 78
7 201 10 203
70 95 79 95
171 132 173 134
60 185 71 185
109 200 118 200
90 102 95 103
6 228 16 228
189 120 191 123
177 71 178 75
38 249 47 249
169 191 170 196
188 12 193 13
98 215 108 215
32 211 36 212
60 240 71 240
123 2 134 2
128 84 139 84
108 68 118 68
28 124 39 124
152 127 163 127
138 31 149 31
144 82 147 84
155 75 166 75
36 123 47 123
9 62 20 62
40 199 51 199
46 89 56 89
63 189 74 189
64 132 75 132
167 81 178 81
168 33 171 35
187 100 192 101
147 99 158 99
133 176 135 178
145 67 156 67
127 212 138 212
41 43 46 44
114 12 115 16
113 138 124 138
176 62 183 62
47 140 50 142
141 20 152 20
112 245 123 245
30 176 34 177
8 52 19 52
157 135 162 136
79 31 90 31
31 238 32 243
72 81 81 81
155 80 165 80
125 26 130 27
131 155 142 155
44 66 55 66
104 187 108 188
62 186 73 186
118 1 122 2
126 214 137 214
48 172 59 172
45 141 46 146
6 91 16 91
155 196 158 198
68 100 79 100
134 69 145 69
56 237 67 237
167 68 167 76
133 79 144 79
23 44 34 44
140 55 143 57
2 15 13 15
1 54 12 54
72 176 83 176
71 23 82 23
78 227 79 232
126 87 137 87
167 228 170 230
103 83 114 83
91 229 102 229
159 174 160 177
94 35 99 36
106 100 117 100
64 141 75 141
73 180 84 180
108 105 108 114
121 71 126 72
57 189 62 190
118 136 129 136
116 111 118 113
66 47 77 47
57 94 68 94
107 236 110 238
87 249 98 249
98 246 101 248
15 202 26 202
111 195 114 197
43 109 48 110
85 134 90 135
21 232 26 233
117 248 128 248
21 225 32 225
29 32 32 33
14 105 25 105
108 6 116 6
99 146 102 148
121 191 132 191
177 0 188 0
31 81 32 86
153 225 164 225
108 32 115 32
133 236 144 236
24 104 31 104
22 173 25 175
141 234 152 234
6 144 17 144
108 193 119 193
140 101 151 101
133 135 137 136
149 160 160 160
94 28 95 33
62 25 73 25
198 215 198 226
178 154 189 154
47 177 58 177
138 80 149 80
6 86 15 86
153 126 164 126
192 69 195 71
103 70 114 70
8 108 11 110
155 69 166 69
20 196 31 196
128 122 139 122
70 61 75 62
166 123 169 125
157 84 168 84
44 53 49 54
115 78 124 78
49 55 60 55
131 67 142 67
139 107 141 110
135 65 146 65
70 236 81 236
188 228 191 230
137 114 148 114
134 230 139 231
25 112 35 112
133 121 144 121
15 163 18 165
130 217 141 217
143 117 152 117
183 115 185 118
199 229 199 240
61 65 64 67
70 227 71 232
124 187 135 187
132 90 135 92
164 215 175 215
3 71 14 71
31 3 42 3
51 30 53 33
166 48 169 50
0 147 2 149
44 3 55 3
65 213 76 213
5 81 16 81
47 17 50 19
19 226 22 228
141 40 152 40
119 94 130 94
90 62 93 64
92 213 103 213
167 93 170 95
59 187 70 187
63 170 64 175
82 4 93 4
80 241 91 241
72 2 75 4
125 202 136 202
98 43 101 45
0 66 10 66
86 28 89 30
144 229 152 229
22 244 33 244
18 206 29 206
113 171 116 173
195 19 198 21
56 41 67 41
112 57 123 57
69 207 70 212
3 159 8 160
85 190 96 190
88 75 99 75
30 24 35 25
53 60 60 60
179 139 184 140
159 139 162 141
33 165 36 167
51 14 51 24
165 86 176 86
118 41 121 43
61 218 66 219
161 146 172 146
179 86 184 87
184 162 195 162
21 178 22 183
23 187 34 187
89 153 100 153
178 104 186 104
18 95 29 95
87 72 90 74
12 93 23 93
40 189 44 190
84 79 95 79
152 79 163 79
113 244 124 244
4 44 15 44
171 186 182 186
92 8 103 8
83 238 94 238
193 100 198 101
16 41 20 42
145 87 156 87
57 243 68 243
179 171 190 171
7 193 18 193
172 30 173 35
129 151 134 152
51 208 62 208
85 35 90 36
0 104 0 115
57 19 68 19
5 133 8 135
60 199 70 199
91 99 102 99
129 206 131 208
94 17 99 18
87 71 98 71
156 154 167 154
67 163 72 164
19 50 24 51
10 16 15 17
123 21 134 21
70 247 81 247
121 80 132 80
162 222 167 223
38 79 41 81
80 54 91 54
39 195 42 197
50 153 61 153
0 11 3 13
99 95 103 96
159 185 162 187
114 7 117 9
188 163 197 163
62 5 73 5
152 34 162 34
96 31 107 31
118 218 129 218
154 243 157 245
196 107 196 118
20 221 23 223
27 170 34 170
111 61 122 61
80 135 82 138
41 73 44 75
142 108 145 110
152 7 155 9
172 247 175 249
73 200 74 204
160 161 168 161
18 38 29 38
162 98 165 100
34 119 45 119
75 9 84 9
144 57 155 57
37 136 48 136
54 31 55 36
3 100 14 100
146 5 157 5
68 224 69 229
168 158 176 158
116 233 119 235
65 2 68 4
82 144 93 144
131 213 142 213
64 191 75 191
38 143 41 145
194 13 198 14
1 245 2 249
17 150 28 150
71 179 82 179
14 249 25 249
150 47 155 48
95 204 99 205
141 231 146 232
129 39 134 40
1 47 12 47
59 134 70 134
142 149 147 150
50 57 57 57
33 99 44 99
101 23 102 28
149 113 157 113
34 37 37 39
197 90 199 93
107 139 118 139
26 219 37 219
0 120 1 125
159 165 169 165
107 104 107 115
166 39 171 40
82 64 85 66
191 24 192 27
187 245 198 245
134 204 145 204
58 174 62 175
136 220 147 220
76 76 79 78
91 191 95 192
27 240 30 242
137 81 140 83
161 2 171 2
13 128 24 128
95 151 100 152
122 86 133 86
156 199 167 199
121 156 132 156
114 192 125 192
193 74 194 79
38 72 40 74
115 239 126 239
9 164 12 166
13 125 15 127
195 201 196 206
106 55 114 55
185 35 187 38
134 19 139 20
8 222 10 224
186 196 195 196
101 210 103 212
81 181 86 182
134 126 137 128
28 77 39 77
173 115 176 117
150 28 161 28
169 7 172 9
4 198 6 201
8 74 11 76
146 201 157 201
1 165 4 167
167 232 174 232
75 116 86 116
19 209 21 212
180 176 190 176
153 100 158 101
194 2 194 9
154 142 165 142
89 175 92 177
30 88 30 95
112 97 115 99
66 9 74 9
185 80 188 82
74 194 85 194
182 152 193 152
65 116 70 117
25 69 26 72
89 125 99 125
112 185 123 185
128 238 133 239
95 3 97 5
178 205 189 205
149 30 160 30
75 206 83 206
180 131 182 134
11 194 12 199
53 90 64 90
101 236 104 238
80 77 83 79
34 65 45 65
153 93 158 94
165 138 176 138
192 145 193 150
188 244 199 244
19 137 30 137
18 160 20 162
39 216 42 218
61 166 72 166
123 42 134 42
157 12 168 12
154 51 165 51
111 181 122 181
111 24 122 24
60 248 71 248
137 2 141 3
77 0 88 0
15 201 26 201
19 27 22 29
104 9 107 11
5 141 8 143
132 205 142 205
23 4 28 5
141 18 151 18
5 79 16 79
52 143 55 144
84 77 95 77
163 235 170 235
63 244 74 244
116 10 125 10
0 198 0 206
122 93 133 93
127 29 137 29
61 70 64 72
82 82 93 82
11 154 22 154
159 131 164 132
193 17 198 18
36 13 41 14
169 203 170 208
105 197 109 198
119 189 124 190
169 57 171 59
163 89 164 94
118 179 127 179
167 137 178 137
171 169 182 169
190 234 195 235
196 174 199 175
141 74 146 75
161 14 172 14
86 87 88 89
123 39 126 41
5 240 6 244
28 122 39 122
31 30 36 31
122 134 133 134
124 118 135 118
61 62 66 63
2 38 5 40
4 22 6 25
93 217 97 218
0 70 1 75
112 30 115 31
199 66 199 77
34 186 45 186
94 244 105 244
171 166 182 166
130 158 141 158
51 201 62 201
1 118 6 119
12 129 17 130
118 157 123 158
4 236 15 236
14 121 25 121
151 231 160 231
15 223 16 227
1 221 4 223
165 105 173 105
91 137 95 138
181 80 184 82
114 240 125 240
110 96 119 96
110 206 121 206
150 131 155 132
158 205 168 205
27 72 37 72
142 8 151 8
84 40 95 40
49 76 60 76
141 92 152 92
160 16 167 16
44 196 55 196
13 27 18 28
192 203 194 206
3 195 6 197
14 174 15 179
167 57 168 62
12 98 17 99
142 136 153 136
44 220 55 220
125 154 136 154
31 125 42 125
31 204 42 204
154 45 164 45
64 152 75 152
60 177 71 177
176 32 179 34
67 88 69 91
141 175 152 175
173 8 178 9
148 245 153 246
11 33 20 33
125 55 136 55
126 75 136 75
118 127 129 127
0 46 0 55
28 162 36 162
3 57 6 59
142 238 147 239
120 178 131 178
50 174 55 175
75 75 86 75
109 217 112 219
131 12 135 13
78 111 81 113
9 237 12 239
0 241 3 243
23 136 34 136
127 97 138 97
199 17 199 28
58 131 63 132
22 198 25 200
136 177 140 178
39 91 44 92
154 61 165 61
126 150 137 150
101 9 103 11
177 115 180 117
105 24 110 25
166 186 168 189
126 124 137 124
158 57 163 58
103 78 114 78
12 173 13 178
21 149 32 149
43 35 53 35
47 14 50 16
97 9 100 11
180 114 191 114
172 220 173 225
112 148 123 148
77 134 79 137
39 47 48 47
112 53 120 53
125 105 130 106
60 1 71 1
111 3 114 5
62 124 67 125
88 69 99 69
1 216 12 216
80 124 91 124
77 62 88 62
55 146 66 146
18 157 29 157
41 101 50 101
94 128 105 128
161 20 162 25
189 10 193 11
160 191 163 193
142 11 151 11
173 125 174 129
95 220 106 220
80 202 82 205
165 42 176 42
90 14 95 15
25 211 30 212
86 67 97 67
183 16 188 17
177 224 188 224
154 123 157 125
11 10 22 10
125 23 130 24
81 166 88 166
176 201 187 201
92 1 97 2
34 155 45 155
175 208 184 208
116 4 127 4
69 80 80 80
137 47 148 47
61 54 64 55
125 104 136 104
107 79 116 79
147 148 158 148
161 217 170 217
39 113 50 113
3 127 12 127
114 213 125 213
69 170 80 170
4 107 7 109
13 89 16 90
56 136 67 136
48 69 57 69
112 71 120 71
127 221 134 221
79 19 90 19
7 237 8 241
157 89 162 90
1 52 6 53
155 50 165 50
49 213 60 213
42 12 53 12
199 143 199 152
173 102 184 102
46 118 50 119
143 224 154 224
6 233 17 233
0 28 11 28
0 158 9 158
81 2 86 3
127 57 138 57
95 68 106 68
61 30 72 30
92 116 97 117
39 2 50 2
149 52 153 53
19 189 30 189
190 225 197 225
58 192 62 193
60 92 71 92
125 157 125 166
12 9 22 9
62 95 69 95
54 40 55 43
62 232 65 234
152 88 160 88
66 245 74 245
46 8 57 8
178 141 180 143
183 79 192 79
161 227 172 227
27 2 38 2
169 198 180 198
68 84 73 85
146 240 157 240
74 93 79 94
63 196 70 196
159 4 160 8
137 49 148 49
159 81 166 81
115 150 125 150
87 70 98 70
3 153 14 153
57 85 62 86
72 0 76 1
115 106 118 108
163 137 164 141
115 135 117 137
9 156 18 156
167 151 178 151
180 110 183 112
49 205 52 207
147 109 158 109
192 160 197 161
1 19 4 21
131 234 140 234
63 217 74 217
112 125 123 125
37 189 38 193
59 242 67 242
25 245 35 245
19 192 24 193
87 131 98 131
48 74 59 74
103 104 106 105
74 30 85 30
177 127 182 128
32 146 43 146
33 144 37 145
134 58 143 58
91 162 94 164
72 14 82 14
135 107 138 108
32 153 37 154
54 82 65 82
98 57 109 57
96 228 106 228
124 242 128 243
157 169 168 169
23 7 32 7
185 197 188 198
172 228 177 229
137 34 148 34
94 224 105 224
7 184 10 186
5 8 8 10
94 63 105 63
38 168 43 169
170 84 181 84
5 74 7 77
144 209 155 209
110 157 115 158
104 85 115 85
170 171 178 171
15 85 26 85
25 57 34 57
132 72 142 72
132 188 143 188
39 233 42 234
151 85 162 85
145 63 156 63
30 117 41 117
183 212 194 212
69 54 79 54
95 39 105 39
152 143 157 144
96 223 106 223
24 36 29 37
170 44 170 54
4 67 7 69
4 122 15 122
82 164 87 165
177 110 178 114
177 36 178 39
5 29 16 29
92 45 93 50
73 208 74 211
32 109 35 111
58 137 69 137
64 38 72 38
107 2 117 2
147 112 158 112
90 42 90 51
74 134 75 139
0 133 3 135
192 108 195 110
166 85 177 85
178 99 183 100
109 127 117 127
169 127 172 129
3 140 14 140
59 195 70 195
80 191 90 191
40 209 45 210
9 58 20 58
23 96 26 98
71 45 82 45
112 180 120 180
107 218 108 222
23 188 34 188
81 184 92 184
103 98 105 101
91 157 100 157
82 155 85 157
160 0 164 1
184 175 195 175
17 19 28 19
124 169 135 169
142 174 153 174
68 33 79 33
114 221 125 221
4 72 15 72
92 142 103 142
179 17 182 19
53 87 56 88
43 107 54 107
59 62 60 67
151 75 154 77
107 183 118 183
11 38 14 40
93 207 94 211
15 146 26 146
83 57 94 57
101 120 102 123
145 196 154 196
87 180 90 182
93 19 104 19
113 161 124 161
81 218 84 219
4 218 7 220
94 61 105 61
25 221 28 223
51 218 56 219
41 162 52 162
8 69 18 69
52 52 63 52
115 212 126 212
120 73 123 75
26 165 29 167
39 87 50 87
27 193 30 195
2 122 2 132
183 78 192 78
1 143 3 146
94 22 97 24
146 56 157 56
65 88 66 91
52 192 55 194
16 12 17 17
185 181 190 182
151 238 160 238
42 60 52 60
1 230 4 232
66 60 69 61
38 108 40 111
88 6 90 8
84 45 87 47
122 234 126 235
171 82 180 82
3 63 14 63
158 237 169 237
91 42 91 51
150 105 161 105
103 143 107 144
105 136 114 136
92 13 103 13
181 9 192 9
32 1 41 1
22 216 27 217
170 173 181 173
34 94 39 95
6 115 17 115
112 170 123 170
36 205 47 205
109 243 110 246
66 97 77 97
181 244 186 245
15 241 26 241
101 71 111 71
182 194 184 197
121 120 129 120
81 128 92 128
29 153 31 155
173 238 176 240
179 180 182 182
124 184 127 185
151 166 156 167
39 198 50 198
125 111 126 116
22 142 33 142
81 73 86 74
150 242 161 242
78 51 89 51
65 171 68 173
68 111 77 111
73 130 84 130
10 45 19 45
64 179 67 181
15 238 26 238
97 74 107 74
22 139 33 139
172 61 183 61
162 181 173 181
157 10 166 10
196 59 198 62
41 219 50 219
87 232 96 232
4 138 14 138
179 52 190 52
129 245 140 245
6 93 11 94
11 106 20 106
162 144 173 144
58 18 69 18
174 120 179 121
153 213 164 213
72 44 83 44
46 29 49 31
150 86 161 86
71 187 76 188
195 178 199 179
151 122 152 126
27 174 32 175
3 139 14 139
131 201 141 201
102 233 106 234
32 157 35 159
19 186 22 188
1 41 12 41
168 19 178 19
101 132 104 134
96 237 100 238
192 217 197 218
141 52 146 53
70 57 81 57
164 111 175 111
82 46 83 49
195 136 197 139
40 38 49 38
115 120 118 122
74 148 77 150
144 223 155 223
189 97 199 97
100 230 107 230
3 113 14 113
6 164 8 166
50 248 59 248
114 232 125 232
103 179 114 179
16 171 16 179
141 130 144 132
155 103 165 103
153 215 163 215
171 189 171 196
2 233 3 237
115 29 126 29
39 57 49 57
158 66 163 67
0 57 1 62
165 101 170 102
48 0 56 0
57 161 64 161
119 183 123 184
9 134 16 134
66 208 68 211
107 0 118 0
120 86 121 90
157 217 159 219
3 121 13 121
24 102 35 102
23 77 26 79
131 6 141 6
11 12 14 14
0 80 4 81
42 49 47 50
2 115 5 116
116 69 120 70
51 136 55 137
0 1 11 1
192 35 195 37
21 119 32 119
119 99 130 99
131 144 142 144
25 42 30 43
184 12 187 13
38 53 43 54
34 98 44 98
52 115 59 115
29 202 40 202
90 24 93 25
188 26 190 29
17 21 22 22
127 56 138 56
23 186 33 186
74 83 85 83
44 131 47 133
8 188 17 188
175 71 176 75
15 197 18 199
23 118 31 118
92 30 93 33
125 73 136 73
17 235 20 237
0 219 0 230
39 60 41 62
127 159 129 161
67 234 78 234
2 228 5 229
161 30 166 31
72 220 74 223
116 242 121 243
177 78 182 79
143 228 154 228
112 211 122 211
119 205 130 205
124 117 135 117
76 190 84 190
106 132 109 134
128 226 139 226
33 180 44 180
2 99 11 99
152 235 162 235
65 108 70 109
189 16 192 18
8 213 12 214
102 138 112 138
167 27 167 36
5 124 8 126
123 203 130 203
100 38 111 38
192 246 199 246
138 195 149 195
144 24 148 25
179 77 190 77
27 25 29 28
58 241 65 241
84 226 95 226
61 113 72 113
49 98 52 100
66 229 67 232
56 182 61 183
31 229 42 229
195 77 195 88
163 190 170 190
187 47 197 47
127 14 130 16
16 147 27 147
152 98 161 98
176 1 179 3
139 147 144 148
55 128 56 132
88 228 95 228
100 208 105 209
165 126 172 126
189 59 194 60
160 116 171 116
18 230 28 230
73 11 80 11
188 111 193 112
188 167 193 168
83 200 87 201
112 18 117 19
78 46 81 48
69 122 71 124
95 93 97 95
83 195 86 197
22 24 26 25
160 112 171 112
135 207 146 207
35 85 35 92
36 90 38 92
115 51 118 52
42 226 53 226
169 242 180 242
79 238 82 240
157 62 162 63
148 143 151 144
143 88 151 88
172 153 173 157
158 22 160 25
167 141 172 142
115 209 126 209
49 122 53 123
163 119 166 120
76 65 81 66
87 112 97 112
0 152 2 154
124 16 125 19
1 31 6 32
19 115 30 115
156 95 161 96
64 225 67 226
64 34 75 34
51 54 60 54
15 248 26 248
181 148 183 151
85 119 89 120
31 126 32 130
156 76 161 77
51 210 56 211
38 240 40 243
24 1 26 3
182 228 187 229
38 147 41 149
83 87 85 89
44 105 55 105
76 177 81 178
11 159 22 159
71 60 82 60
27 114 38 114
51 80 52 85
189 141 193 142
193 0 198 1
27 132 29 134
93 194 104 194
39 164 42 166
85 138 86 143
118 140 121 142
39 160 44 161
108 212 110 214
26 41 37 41
93 184 104 184
110 106 113 108
84 115 94 115
13 219 24 219
156 40 165 40
123 79 132 79
169 188 180 188
72 231 77 232
0 141 4 142
128 215 139 215
57 9 58 13
1 17 5 18
51 102 55 103
150 36 159 36
40 184 51 184
145 41 156 41
79 125 88 125
20 224 29 224
145 120 148 122
90 205 94 206
124 22 135 22
111 194 122 194
19 247 30 247
58 32 67 32
125 172 130 173
48 192 51 193
4 213 7 215
37 171 48 171
126 165 131 166
42 201 50 201
84 213 91 213
54 171 62 171
114 116 119 117
0 233 1 237
107 248 116 248
23 227 34 227
154 246 164 246
0 173 3 175
146 189 148 192
95 166 105 166
44 68 47 69
180 34 191 34
24 93 27 94
34 182 41 182
13 84 24 84
91 199 94 200
0 129 1 132
86 154 97 154
43 176 50 176
61 135 69 135
182 137 186 138
27 10 38 10
184 149 186 151
2 65 10 65
165 108 170 109
174 20 184 20
34 27 37 29
41 152 46 153
3 14 10 14
142 138 153 138
27 198 28 202
108 19 111 21
57 3 60 5
59 96 61 99
96 86 106 86
108 34 116 34
64 96 64 104
163 123 165 125
71 53 82 53
56 238 67 238
97 32 107 32
161 160 172 160
135 38 138 40
181 124 183 126
52 56 62 56
156 149 160 150
7 131 11 132
86 244 89 246
192 136 194 139
16 131 21 132
185 91 196 91
182 89 190 89
126 50 137 50
10 146 14 147
74 85 85 85
171 131 179 131
25 53 30 54
122 123 133 123
53 46 58 47
33 239 41 239
40 70 44 71
2 96 4 98
171 50 172 54
93 120 96 122
143 213 146 214
49 120 53 121
50 110 58 110
41 108 48 108
178 203 189 203
0 183 1 188
179 26 183 27
171 244 173 246
100 35 104 36
115 26 124 26
77 158 86 158
144 167 147 169
31 121 42 121
1 8 4 10
58 214 60 216
10 247 18 247
88 204 89 207
96 20 107 20
46 65 57 65
41 95 46 96
112 49 123 49
12 74 16 75
97 196 100 197
110 41 117 41
52 197 54 199
86 156 97 156
29 150 33 151
73 164 81 164
58 224 67 224
20 173 20 184
97 175 108 175
104 27 108 28
45 241 48 243
152 31 160 31
176 249 184 249
198 235 198 243
25 123 35 123
139 70 142 71
0 209 11 209
62 75 73 75
65 160 75 160
106 122 109 124
181 213 191 213
187 209 196 209
147 221 156 221
123 168 131 168
33 222 38 223
75 105 82 105
17 152 28 152
100 130 111 130
102 173 112 173
168 36 176 36
10 50 18 50
66 148 69 149
88 45 89 50
66 203 70 204
162 134 170 134
27 78 30 80
180 120 183 122
89 88 100 88
180 73 183 75
42 117 51 117
144 216 154 216
144 144 147 145
54 238 54 245
134 27 145 27
2 74 4 77
60 225 63 226
12 244 21 244
123 199 126 201
184 234 189 235
13 24 21 24
101 161 103 164
175 202 177 205
49 81 50 85
54 158 64 158
91 72 94 74
138 24 143 25
182 94 187 95
118 153 129 153
38 20 42 21
122 65 133 65
131 225 139 225
128 45 133 46
74 126 85 126
117 35 128 35
190 154 195 155
15 195 26 195
41 15 42 19
61 144 65 145
19 207 22 208
69 2 71 4
3 36 6 37
29 5 39 5
3 249 13 249
170 68 170 76
71 17 73 19
178 50 188 50
115 164 120 165
37 195 38 199
173 99 177 100
154 222 161 222
103 154 108 155
16 112 19 113
32 16 33 20
91 187 96 188
147 235 151 236
188 220 197 220
176 13 179 14
172 109 183 109
6 183 17 183
197 109 198 113
138 126 140 128
199 38 199 48
115 196 118 197
59 205 62 207
136 42 144 42
69 93 73 94
102 92 104 94
111 76 122 76
2 205 5 206
85 221 94 221
61 27 72 27
130 64 139 64
0 37 1 40
133 11 141 11
171 178 174 180
196 48 197 52
169 106 174 107
180 38 184 39
1 169 3 172
73 112 77 113
53 163 64 163
147 171 152 172
60 122 61 125
117 172 120 174
95 81 100 82
130 47 133 48
2 110 7 111
95 105 102 105
147 162 154 162
45 63 56 63
41 103 50 103
66 167 76 167
25 50 29 51
90 58 95 59
186 121 187 126
45 91 48 93
144 248 151 248
104 213 107 214
105 145 116 145
93 235 101 235
165 97 175 97
194 197 199 198
194 230 197 232
62 122 67 123
71 31 78 31
32 168 36 169
150 159 160 159
80 122 89 122
4 234 14 234
133 103 140 103
19 75 20 80
105 47 107 49
26 236 37 236
1 0 10 0
92 196 96 197
84 117 91 117
13 216 21 216
134 237 136 239
166 145 175 145
156 209 158 212
23 87 34 87
174 49 176 52
149 181 153 182
7 194 10 195
77 249 86 249
173 71 174 76
118 14 121 16
97 120 100 122
29 249 37 249
177 222 188 222
127 133 136 133
8 89 12 90
128 83 136 83
74 15 85 15
141 115 146 116
127 113 132 114
14 207 18 208
65 101 72 101
133 51 135 53
98 135 102 136
51 119 60 119
2 48 12 48
16 39 19 40
44 45 48 46
70 159 79 159
189 221 197 221
59 42 64 43
3 192 5 194
148 166 150 169
77 161 84 161
111 167 120 167
187 88 194 88
163 220 171 220
36 64 45 64
128 139 130 141
41 248 49 248
172 90 183 90
164 72 166 74
68 120 79 120
8 34 15 34
39 85 43 86
74 90 77 91
188 22 190 25
63 84 66 86
12 170 15 172
194 166 197 168
16 127 24 127
15 35 26 35
30 179 32 182
12 5 22 5
94 149 99 150
174 31 175 35
4 190 15 190
198 118 199 121
53 235 56 236
86 100 89 102
42 25 43 30
125 204 133 204
181 10 188 10
132 105 134 107
136 91 140 92
183 172 194 172
77 195 78 198
18 221 18 228
171 119 173 121
98 21 103 22
156 59 160 60
196 187 199 189
159 108 164 109
173 159 176 160
116 97 118 99
43 234 54 234
66 169 73 169
57 58 68 58
106 84 114 84
111 177 116 178
50 45 51 49
167 3 170 5
131 163 142 163
137 35 148 35
60 102 63 104
55 77 57 79
88 237 95 237
137 46 148 46
4 177 7 178
0 102 11 102
196 125 199 127
178 177 181 178
175 96 183 96
53 140 56 142
109 51 114 52
28 61 32 62
7 70 18 70
153 104 162 104
195 7 198 9
81 67 82 70
118 8 128 8
92 159 95 160
0 76 1 79
60 16 70 16
179 103 186 103
189 164 197 164
51 135 60 135
69 220 71 222
109 91 110 95
32 232 43 232
174 214 181 214
196 212 197 216
21 89 23 92
45 174 49 175
154 138 158 139
90 28 93 29
75 107 78 108
13 237 14 242
102 248 106 249
188 107 195 107
110 149 117 149
57 244 62 245
175 162 183 162
71 77 75 78
130 17 133 19
46 167 48 169
193 193 195 195
5 221 6 226
0 29 4 30
131 146 134 148
87 2 91 3
65 13 70 14
155 23 157 25
52 223 59 223
42 142 44 145
79 67 80 70
40 244 42 246
127 228 134 228
0 16 9 16
192 34 199 34
30 37 33 38
138 139 141 140
32 73 37 74
43 218 50 218
28 216 32 217
24 145 32 145
181 144 185 145
135 15 140 16
117 66 124 66
184 98 185 101
32 120 42 120
183 217 191 217
58 36 62 37
84 145 89 146
43 197 51 197
120 230 131 230
53 173 62 173
56 123 59 124
79 221 84 222
93 233 96 234
137 99 146 99
153 27 161 27
63 176 71 176
77 96 86 96
105 157 109 158
107 141 117 141
112 207 113 210
110 109 111 113
131 171 142 171
51 51 60 51
96 90 107 90
172 64 176 65
28 146 31 147
82 177 86 178
138 218 141 219
83 198 87 199
107 54 114 54
154 33 162 33
77 246 85 246
83 202 90 202
56 39 60 40
127 128 131 129
88 129 97 129
163 244 170 244
192 103 195 105
68 41 76 41
1 217 3 220
132 184 135 186
178 85 186 85
47 143 51 144
185 139 186 142
154 174 158 175
80 76 91 76
126 244 128 246
43 228 54 228
163 22 164 25
148 21 152 22
133 0 144 0
189 159 197 159
99 200 108 200
38 160 38 167
38 33 38 41
12 107 14 110
196 68 198 71
88 56 95 56
