2819
192 389 205 389
926 571 939 571
382 36 395 36
173 322 186 322
613 47 626 47
420 548 421 554
762 379 775 379
662 81 662 94
600 340 613 340
397 348 398 354
720 642 720 655
43 786 44 792
903 239 916 239
674 1 687 1
396 160 397 166
545 770 558 770
688 140 701 140
649 394 662 394
978 894 991 894
185 286 186 292
911 587 912 593
354 750 367 750
654 59 655 65
984 997 990 998
686 299 699 299
0 857 13 857
926 402 939 402
785 970 786 976
862 195 875 195
558 670 571 670
281 934 294 934
668 667 668 680
358 51 364 52
239 833 245 834
440 268 441 274
944 309 957 309
956 263 969 263
578 868 591 868
480 129 493 129
853 567 866 567
45 717 45 730
611 657 624 657
244 8 257 8
443 314 456 314
322 776 323 782
454 225 467 225
111 674 111 687
169 512 175 513
97 762 97 775
113 652 126 652
18 754 24 755
485 883 498 883
978 457 978 470
921 478 934 478
289 244 302 244
612 767 625 767
18 215 19 221
355 841 368 841
477 614 477 627
792 229 805 229
746 935 759 935
646 453 659 453
777 632 790 632
183 346 196 346
64 750 65 756
777 495 779 498
428 989 429 995
225 541 238 541
57 943 58 949
868 558 881 558
963 304 976 304
775 983 788 983
226 290 239 290
375 378 388 378
38 945 51 945
128 807 134 808
878 577 891 577
655 100 656 106
510 984 516 985
783 823 784 829
684 309 697 309
93 171 94 177
319 776 319 789
657 175 670 175
406 820 419 820
140 307 153 307
263 963 276 963
229 7 242 7
219 366 225 367
33 710 46 710
287 573 300 573
204 657 217 657
535 589 536 595
232 15 245 15
391 980 391 993
274 422 287 422
79 453 92 453
164 799 177 799
104 765 117 765
160 522 173 522
855 303 861 304
683 721 696 721
988 140 989 146
491 385 504 385
508 670 514 671
486 71 499 71
538 801 551 801
891 800 904 800
553 995 566 995
200 34 200 47
942 837 943 843
478 70 491 70
305 833 318 833
400 560 401 566
719 339 720 345
888 116 901 116
851 682 851 695
538 297 551 297
478 92 478 105
257 791 258 797
637 802 650 802
924 200 937 200
249 923 262 923
599 349 605 350
849 194 862 194
60 502 73 502
831 573 844 573
154 611 167 611
730 386 731 392
364 882 365 888
571 104 584 104
828 245 829 251
546 450 547 456
365 781 365 794
243 130 256 130
886 755 899 755
634 159 634 172
317 647 318 653
699 878 705 879
475 262 476 268
404 405 417 405
408 390 421 390
995 118 996 124
344 658 357 658
212 553 214 556
78 913 91 913
992 960 993 966
298 499 311 499
350 274 363 274
102 61 115 61
975 923 988 923
163 516 169 517
357 961 363 962
220 149 221 155
242 506 255 506
16 514 29 514
997 658 998 664
956 497 969 497
744 228 757 228
274 213 287 213
303 254 316 254
248 443 249 449
713 501 714 507
639 496 652 496
96 235 109 235
951 467 957 468
793 290 806 290
854 770 855 776
553 387 554 393
520 648 521 654
358 849 371 849
604 720 617 720
420 285 421 291
391 972 404 972
727 905 740 905
624 743 637 743
417 216 418 222
906 0 907 6
478 534 491 534
947 578 960 578
67 78 68 84
732 373 745 373
356 505 356 518
833 337 846 337
668 252 669 258
417 623 423 624
590 263 603 263
479 81 492 81
752 67 753 73
662 278 668 279
370 104 383 104
978 92 979 98
942 442 943 448
598 977 611 977
255 774 256 780
637 491 650 491
471 29 472 35
88 303 101 303
571 675 572 681
2 943 3 949
537 870 543 871
87 936 88 942
236 749 236 762
36 918 38 921
744 843 757 843
50 566 63 566
240 981 240 994
482 289 495 289
818 975 824 976
780 680 781 686
164 703 167 705
406 457 407 463
399 444 412 444
525 956 538 956
71 305 71 318
556 439 569 439
943 711 956 711
944 181 957 181
358 315 359 321
923 85 924 91
925 107 931 108
778 234 779 240
521 315 534 315
105 813 118 813
272 75 285 75
71 266 84 266
124 128 127 130
32 249 45 249
781 133 794 133
881 64 882 70
686 201 692 202
132 845 145 845
365 420 366 426
740 141 746 142
582 19 595 19
258 739 271 739
641 273 642 279
919 694 932 694
51 193 64 193
660 810 663 812
45 837 58 837
432 147 433 153
651 396 664 396
800 668 813 668
665 194 665 207
211 836 212 842
831 151 832 157
435 757 448 757
42 784 55 784
653 640 666 640
254 258 260 259
394 755 407 755
7 290 8 296
943 452 949 453
856 521 869 521
80 559 93 559
816 624 829 624
530 812 531 818
654 715 667 715
557 625 570 625
739 767 752 767
315 87 316 93
737 398 750 398
630 609 636 610
274 988 287 988
459 534 472 534
255 86 268 86
183 135 196 135
804 115 817 115
68 347 69 353
830 723 843 723
318 110 319 116
676 993 677 999
54 451 67 451
276 327 289 327
446 5 452 6
29 908 42 908
24 215 25 221
320 171 321 177
239 362 240 368
534 401 535 407
673 880 674 886
889 854 890 860
499 124 512 124
676 715 689 715
765 654 778 654
616 167 629 167
923 896 924 902
796 977 809 977
732 116 745 116
813 847 826 847
948 946 961 946
157 356 160 358
857 401 860 403
29 822 29 835
347 718 360 718
283 233 284 239
508 886 514 887
780 281 793 281
171 630 184 630
716 8 717 14
611 33 624 33
15 376 28 376
837 130 850 130
257 405 270 405
898 370 911 370
432 750 433 756
734 869 747 869
589 316 602 316
606 348 606 361
283 938 296 938
604 877 605 883
947 151 948 157
573 132 579 133
778 960 784 961
456 477 456 490
570 77 583 77
509 844 522 844
152 585 165 585
897 448 898 454
396 287 402 288
726 68 739 68
856 307 869 307
437 132 450 132
904 940 910 941
732 957 738 958
241 62 242 68
863 438 876 438
6 838 7 844
440 542 446 543
715 700 716 706
927 487 928 493
203 906 216 906
367 272 373 273
504 332 517 332
980 927 993 927
889 816 890 822
713 757 719 758
602 967 615 967
412 173 425 173
251 612 264 612
310 558 311 564
756 795 769 795
117 533 130 533
296 837 297 843
989 492 990 498
364 860 377 860
260 8 273 8
621 461 634 461
196 229 209 229
332 477 333 483
850 731 863 731
289 834 302 834
214 449 227 449
573 796 573 809
567 936 573 937
83 250 83 263
42 811 48 812
669 556 670 562
415 79 416 85
10 533 23 533
448 174 461 174
710 81 723 81
787 363 800 363
636 935 637 941
439 37 440 43
71 3 84 3
283 254 296 254
976 726 977 732
741 553 754 553
51 632 51 645
630 234 643 234
279 877 280 883
627 688 640 688
189 822 195 823
627 589 640 589
649 372 662 372
519 912 532 912
354 665 367 665
604 233 610 234
603 316 603 329
643 858 656 858
855 883 868 883
766 287 779 287
92 363 93 369
543 354 556 354
168 393 181 393
70 955 83 955
226 933 239 933
980 325 981 331
882 160 883 166
322 198 335 198
859 595 872 595
940 435 941 441
595 208 608 208
48 284 49 290
642 965 648 966
281 140 294 140
56 547 57 553
175 345 181 346
828 472 828 485
260 4 273 4
725 865 738 865
97 931 98 937
526 24 539 24
897 181 898 187
268 58 281 58
913 276 926 276
28 777 29 783
543 558 556 558
713 646 719 647
374 675 380 676
489 173 502 173
101 220 101 233
674 961 687 961
428 815 429 821
868 913 881 913
496 20 509 20
909 376 915 377
211 976 224 976
102 682 103 688
85 569 98 569
880 890 893 890
487 618 500 618
530 418 543 418
491 354 504 354
150 41 150 54
62 912 75 912
416 981 429 981
444 927 445 933
514 882 527 882
790 503 803 503
126 794 139 794
139 557 152 557
611 550 612 556
652 272 665 272
14 841 27 841
672 683 673 689
579 161 580 167
968 341 981 341
838 795 851 795
597 788 610 788
851 26 864 26
905 599 918 599
667 742 680 742
20 460 26 461
834 867 847 867
822 399 825 401
606 84 619 84
706 305 719 305
651 919 664 919
650 73 663 73
45 745 58 745
15 896 28 896
256 971 269 971
705 629 706 635
506 504 512 505
803 24 804 30
769 43 782 43
965 216 966 222
413 351 419 352
329 647 342 647
372 777 385 777
996 932 997 938
724 630 725 636
30 559 31 565
523 122 523 135
301 908 302 914
898 262 911 262
250 567 263 567
746 748 747 754
256 533 269 533
99 685 100 691
622 32 635 32
717 834 723 835
73 671 86 671
848 282 854 283
831 316 844 316
276 76 282 77
547 964 560 964
845 836 858 836
218 526 231 526
142 663 143 669
260 417 273 417
922 155 923 161
269 328 270 334
212 10 225 10
702 258 703 264
968 63 971 65
565 528 578 528
979 748 985 749
658 363 664 364
61 986 64 988
610 247 616 248
437 159 450 159
772 995 785 995
291 641 304 641
142 952 155 952
305 194 305 207
249 232 262 232
413 88 426 88
13 539 26 539
135 378 148 378
362 506 375 506
803 296 804 302
737 825 737 838
549 219 562 219
158 506 171 506
380 96 393 96
143 229 144 235
40 874 41 880
351 111 364 111
820 797 833 797
991 790 992 796
3 161 16 161
460 836 460 849
168 263 169 269
343 50 356 50
214 453 215 459
96 559 98 562
432 538 445 538
452 384 465 384
392 213 405 213
3 198 16 198
360 173 373 173
909 622 922 622
46 260 59 260
499 313 500 319
972 946 978 947
988 758 989 764
582 313 583 319
112 979 118 980
671 111 684 111
937 492 950 492
843 726 844 732
8 908 9 914
815 621 821 622
926 169 929 171
699 954 699 967
321 799 334 799
73 536 86 536
476 940 476 953
718 393 718 406
765 382 778 382
890 726 903 726
497 67 510 67
821 995 827 996
734 223 747 223
664 136 677 136
315 528 328 528
310 507 323 507
291 203 304 203
697 652 698 658
602 232 615 232
308 366 314 367
83 89 96 89
909 937 922 937
291 509 292 515
798 156 811 156
773 826 774 832
912 363 913 369
772 844 785 844
344 979 357 979
398 685 399 691
349 168 362 168
255 666 268 666
661 549 674 549
63 34 76 34
564 502 577 502
569 38 582 38
536 432 549 432
925 998 938 998
499 858 499 871
924 426 937 426
806 34 812 35
647 653 648 659
687 510 687 523
899 16 905 17
267 878 273 879
246 79 247 85
869 238 882 238
168 871 181 871
371 370 371 383
523 822 536 822
595 719 608 719
938 710 939 716
669 123 670 129
480 962 493 962
189 993 202 993
341 213 354 213
863 850 876 850
12 70 25 70
85 354 86 360
786 866 799 866
575 623 588 623
201 910 214 910
670 18 683 18
782 192 795 192
983 912 996 912
574 740 587 740
463 538 476 538
381 224 394 224
730 335 736 336
227 532 240 532
467 569 468 575
287 710 300 710
999 61 999 74
875 662 876 668
139 879 152 879
472 868 485 868
102 357 115 357
717 369 718 375
578 802 591 802
440 485 446 486
263 30 276 30
706 155 712 156
288 477 301 477
455 40 468 40
4 65 17 65
978 449 984 450
595 183 608 183
593 964 606 964
248 501 261 501
931 0 932 6
248 54 249 60
332 939 333 945
830 892 843 892
295 496 296 502
181 443 182 449
577 158 590 158
831 612 831 625
859 410 872 410
872 435 885 435
44 573 57 573
297 274 310 274
641 381 654 381
687 426 700 426
648 187 661 187
521 171 534 171
948 914 961 914
211 127 224 127
28 715 29 721
505 814 518 814
20 291 21 297
51 731 64 731
10 774 23 774
587 915 600 915
293 245 306 245
492 118 493 124
629 677 632 679
557 967 557 980
151 718 164 718
413 642 426 642
321 136 334 136
590 990 591 996
777 888 778 894
545 969 546 975
661 145 674 145
19 385 32 385
556 102 569 102
260 511 261 517
978 308 991 308
760 695 773 695
517 832 530 832
575 630 588 630
490 674 503 674
227 559 227 572
984 584 990 585
151 925 164 925
318 566 319 572
603 676 604 682
23 138 36 138
716 106 729 106
353 440 366 440
221 25 222 31
135 254 148 254
662 730 675 730
472 483 485 483
338 424 339 430
833 991 846 991
589 3 590 9
674 437 675 443
805 708 806 714
347 691 360 691
410 754 410 767
711 317 717 318
479 83 492 83
350 931 351 937
268 297 269 303
379 767 392 767
280 706 293 706
391 627 404 627
198 895 211 895
76 67 89 67
256 958 269 958
926 572 932 573
713 619 726 619
471 199 472 205
21 339 22 345
607 798 608 804
136 995 142 996
440 552 453 552
887 81 888 87
246 309 259 309
776 571 789 571
545 989 546 995
985 706 998 706
910 692 911 698
844 73 857 73
694 497 695 503
665 900 666 906
166 82 179 82
310 634 323 634
210 736 211 742
505 474 506 480
747 241 760 241
784 731 797 731
466 982 479 982
826 960 839 960
139 382 152 382
802 242 802 255
586 428 599 428
548 576 554 577
924 827 937 827
867 911 880 911
176 643 177 649
577 322 583 323
13 206 14 212
929 318 942 318
390 93 403 93
281 359 287 360
563 881 576 881
99 129 112 129
40 137 53 137
494 893 507 893
972 634 985 634
582 722 595 722
990 969 996 970
738 319 751 319
410 732 423 732
770 757 776 758
980 924 986 925
152 352 153 358
2 535 3 541
832 123 832 136
766 191 779 191
221 559 221 572
244 364 245 370
149 968 150 974
993 529 993 542
894 531 907 531
422 438 435 438
729 948 729 961
917 649 918 655
363 402 376 402
912 510 918 511
552 65 565 65
215 107 228 107
597 322 600 324
345 994 351 995
832 965 845 965
160 877 173 877
88 686 89 692
555 530 568 530
260 389 273 389
174 839 187 839
717 232 718 238
606 744 607 750
579 577 592 577
606 955 607 961
813 894 814 900
336 144 342 145
56 632 69 632
213 162 214 168
631 900 644 900
358 285 371 285
94 114 107 114
481 254 494 254
596 640 597 646
654 368 667 368
530 963 531 969
62 785 75 785
184 574 197 574
900 661 901 667
393 577 399 578
985 203 998 203
159 944 160 950
218 814 220 817
489 42 502 42
133 155 134 161
621 381 622 387
852 689 853 695
479 484 492 484
570 331 576 332
375 706 388 706
185 198 198 198
665 148 666 154
932 662 933 668
951 516 964 516
186 477 192 478
622 306 635 306
554 118 567 118
316 424 329 424
551 945 564 945
873 599 886 599
866 702 879 702
189 97 190 103
932 467 938 468
22 988 23 994
643 794 644 800
892 906 893 912
448 422 449 428
473 966 474 972
992 171 992 184
560 290 561 296
353 488 354 494
919 259 932 259
273 23 279 24
613 840 626 840
736 986 742 987
237 734 250 734
802 990 803 996
525 486 538 486
207 476 220 476
775 87 781 88
103 233 116 233
716 869 729 869
997 829 998 835
139 33 152 33
978 985 991 985
939 799 952 799
194 203 195 209
651 591 652 597
961 961 962 967
132 556 138 557
105 657 118 657
863 505 864 511
160 422 173 422
637 595 650 595
760 482 760 495
45 553 51 554
428 400 441 400
152 228 153 234
919 449 925 450
995 102 996 108
944 219 957 219
471 317 484 317
786 359 799 359
524 362 537 362
160 127 161 133
361 147 362 153
340 137 341 143
128 7 141 7
410 270 423 270
556 184 569 184
920 255 933 255
225 116 226 122
164 571 177 571
406 558 419 558
268 611 281 611
387 383 388 389
467 947 468 953
653 141 666 141
366 764 367 770
430 586 443 586
446 456 447 462
722 976 728 977
544 940 557 940
173 23 186 23
476 772 477 778
175 792 176 798
841 277 843 280
284 971 285 977
842 261 855 261
29 262 30 268
783 800 784 806
591 761 597 762
807 797 808 803
706 929 719 929
116 58 116 71
867 427 870 429
517 56 523 57
213 526 214 532
894 807 900 808
958 271 964 272
868 871 881 871
864 787 864 800
447 23 460 23
290 951 303 951
303 90 304 96
481 999 494 999
546 477 547 483
0 817 6 818
686 566 699 566
452 92 465 92
883 720 896 720
807 158 808 164
577 871 590 871
606 943 619 943
925 270 938 270
52 628 65 628
564 278 577 278
504 103 505 109
782 631 795 631
172 502 185 502
860 108 861 114
392 987 405 987
184 411 184 424
717 269 730 269
6 798 19 798
886 869 899 869
550 305 563 305
676 214 677 220
392 544 405 544
60 331 73 331
294 923 295 929
517 588 530 588
502 558 515 558
817 153 817 166
993 125 994 131
580 986 593 986
870 881 883 881
791 930 804 930
20 300 33 300
544 409 557 409
250 620 250 633
884 440 897 440
487 829 500 829
241 713 247 714
628 703 641 703
818 722 824 723
38 621 38 634
379 935 392 935
641 627 654 627
857 430 863 431
303 182 316 182
93 7 94 13
160 33 161 39
228 71 241 71
177 228 190 228
95 44 108 44
941 506 954 506
431 644 437 645
300 784 313 784
321 270 334 270
171 427 172 433
501 6 507 7
480 882 481 888
735 907 748 907
813 854 819 855
504 665 517 665
167 443 180 443
477 975 478 981
842 175 843 181
869 233 882 233
871 381 872 387
167 836 180 836
185 139 186 145
845 28 858 28
159 834 172 834
772 665 785 665
388 136 389 142
484 446 497 446
149 824 162 824
886 190 892 191
19 100 20 106
543 357 556 357
514 613 514 626
930 393 931 399
591 129 604 129
341 547 342 553
252 541 265 541
718 778 731 778
509 285 515 286
439 598 440 604
538 311 551 311
250 809 251 815
499 472 512 472
24 795 37 795
329 619 342 619
858 155 858 168
530 364 531 370
229 776 230 782
512 356 525 356
712 101 725 101
258 917 271 917
530 392 543 392
952 46 953 52
674 586 687 586
141 205 154 205
678 653 678 666
170 938 183 938
116 976 122 977
570 61 571 67
104 998 117 998
802 49 803 55
339 31 345 32
503 38 516 38
669 767 669 780
389 300 390 306
102 491 102 504
30 726 43 726
370 751 373 753
932 523 933 529
914 770 927 770
940 703 941 709
968 939 981 939
821 906 834 906
110 437 123 437
147 239 148 245
836 224 849 224
831 732 832 738
590 128 603 128
185 523 198 523
855 520 855 533
518 446 524 447
623 552 636 552
317 414 330 414
228 200 241 200
554 348 567 348
226 536 228 539
835 633 848 633
594 996 607 996
873 295 886 295
861 918 874 918
603 903 616 903
498 793 498 806
238 982 239 988
332 138 338 139
115 76 115 89
290 92 296 93
574 878 580 879
686 149 687 155
131 36 144 36
810 944 823 944
84 393 97 393
284 687 297 687
829 376 830 382
161 683 162 689
300 234 301 240
270 301 283 301
86 155 87 161
887 549 893 550
85 353 98 353
706 959 719 959
531 779 544 779
611 799 624 799
584 645 585 651
186 607 186 620
529 988 532 990
836 22 849 22
609 138 610 144
99 498 100 504
717 880 718 886
775 345 781 346
929 212 942 212
752 911 765 911
100 564 113 564
966 825 972 826
225 65 238 65
751 297 764 297
837 208 850 208
765 611 778 611
312 75 318 76
30 324 43 324
803 103 816 103
767 373 780 373
392 628 393 634
767 459 780 459
586 509 599 509
648 763 661 763
993 429 999 430
618 806 631 806
109 83 109 96
311 174 317 175
281 561 287 562
419 618 432 618
185 719 186 725
953 706 959 707
914 132 927 132
491 545 492 551
755 40 768 40
442 112 455 112
943 888 943 901
854 841 867 841
30 840 33 842
36 816 49 816
894 210 895 216
598 379 611 379
875 352 876 358
808 847 809 853
289 707 302 707
359 241 372 241
675 582 688 582
247 117 260 117
919 995 932 995
958 329 958 342
953 798 966 798
34 879 39 880
156 772 169 772
487 721 493 722
862 861 875 861
564 541 577 541
604 64 605 70
880 165 881 171
64 433 70 434
133 332 146 332
389 590 402 590
485 56 498 56
920 134 921 140
350 857 363 857
276 765 289 765
942 132 943 138
17 714 18 720
378 258 391 258
412 456 413 462
774 789 774 802
923 403 936 403
51 482 52 488
916 339 922 340
181 751 194 751
216 305 222 306
58 261 59 267
290 601 303 601
679 662 680 668
512 538 525 538
578 610 591 610
415 514 415 527
742 878 743 884
506 363 519 363
732 299 745 299
503 78 509 79
2 166 15 166
758 900 771 900
727 88 740 88
350 510 355 511
13 81 14 87
90 325 103 325
467 993 480 993
602 342 603 348
304 906 317 906
853 548 854 554
596 5 609 5
895 55 908 55
174 87 180 88
722 916 735 916
163 196 176 196
343 797 346 799
495 294 496 300
393 264 406 264
910 133 910 146
579 881 579 894
932 145 945 145
153 757 166 757
469 519 482 519
325 702 338 702
641 408 654 408
974 669 987 669
292 837 292 850
960 890 961 896
401 624 407 625
828 702 841 702
793 803 794 809
844 636 857 636
220 157 233 157
134 290 147 290
135 548 136 554
7 250 20 250
909 763 922 763
845 741 846 747
7 690 8 696
766 731 767 737
121 462 134 462
54 929 67 929
293 802 299 803
263 981 276 981
698 378 711 378
583 261 584 267
959 114 972 114
840 82 843 84
256 353 269 353
546 730 559 730
659 943 672 943
905 119 906 125
363 409 376 409
241 538 247 539
439 783 452 783
741 377 754 377
752 488 753 494
669 732 682 732
777 394 778 400
452 669 465 669
908 725 909 731
93 64 106 64
38 338 51 338
519 493 532 493
127 436 140 436
315 818 316 824
507 205 507 218
724 130 725 136
985 178 985 191
798 218 804 219
324 795 330 796
86 938 86 951
949 962 950 968
641 719 654 719
120 305 121 311
304 77 317 77
881 948 887 949
272 302 285 302
290 582 291 588
177 295 190 295
878 209 879 215
861 427 864 429
344 417 344 430
343 521 356 521
731 616 744 616
212 406 225 406
391 216 404 216
511 492 517 493
633 480 633 493
44 493 50 494
960 15 961 21
53 198 53 211
913 10 926 10
589 697 602 697
952 609 965 609
287 424 288 430
11 762 17 763
713 590 714 596
115 33 128 33
517 948 523 949
230 283 243 283
886 649 899 649
254 336 260 337
778 60 791 60
627 176 640 176
198 82 211 82
966 716 979 716
274 474 275 480
850 33 863 33
682 863 695 863
275 70 288 70
474 750 475 756
296 66 309 66
820 213 820 226
960 625 973 625
870 832 883 832
600 905 613 905
548 540 561 540
177 486 190 486
859 839 865 840
550 75 551 81
626 201 627 207
676 121 689 121
105 829 118 829
354 103 367 103
433 24 439 25
438 281 438 294
132 445 133 451
585 219 598 219
654 490 667 490
444 892 457 892
432 316 445 316
540 495 553 495
727 376 728 382
113 520 126 520
453 478 453 491
169 759 182 759
840 604 841 610
506 594 512 595
252 311 253 317
259 19 260 25
927 103 933 104
729 732 742 732
825 769 838 769
339 361 352 361
996 593 997 599
877 665 890 665
966 729 972 730
304 672 304 685
977 217 990 217
898 699 899 705
424 197 437 197
986 266 987 272
768 310 774 311
26 38 39 38
200 252 213 252
951 793 957 794
636 397 637 403
756 987 769 987
682 738 695 738
658 475 659 481
867 749 873 750
777 638 790 638
766 543 779 543
298 256 311 256
857 141 870 141
480 919 483 921
177 97 178 103
909 158 910 164
615 381 616 387
348 991 361 991
473 137 486 137
592 815 593 821
887 544 900 544
74 822 75 828
889 276 895 277
124 805 125 811
277 811 290 811
158 425 171 425
625 845 638 845
122 511 135 511
709 173 710 179
22 7 35 7
849 386 850 392
976 660 989 660
44 646 57 646
549 630 550 636
635 436 648 436
143 772 144 778
887 937 893 938
76 888 89 888
136 261 136 274
705 342 706 348
341 897 342 903
14 663 15 669
184 65 185 71
823 770 824 776
678 944 691 944
632 924 645 924
57 864 58 870
880 481 893 481
514 637 527 637
210 417 223 417
350 693 363 693
270 807 283 807
396 182 409 182
391 283 392 289
662 832 668 833
759 143 772 143
977 268 978 274
344 744 345 750
784 986 797 986
121 129 122 135
516 91 517 97
332 227 345 227
232 893 245 893
9 66 22 66
649 785 655 786
67 520 80 520
484 386 497 386
229 485 242 485
341 948 354 948
857 214 858 220
150 796 163 796
155 710 168 710
301 590 302 596
574 26 587 26
642 498 655 498
937 889 938 895
258 787 271 787
568 91 574 92
810 463 823 463
655 658 668 658
319 314 332 314
501 352 514 352
721 620 722 626
765 859 778 859
205 373 206 379
783 358 796 358
509 150 522 150
695 465 696 471
160 794 166 795
660 373 673 373
366 275 367 281
236 735 249 735
115 295 128 295
688 153 701 153
4 106 17 106
35 261 48 261
29 811 30 817
453 20 459 21
792 542 798 543
607 406 613 407
586 57 599 57
848 423 861 423
61 65 74 65
874 316 887 316
506 991 519 991
858 807 871 807
617 576 618 582
32 443 45 443
421 471 422 477
719 535 732 535
176 201 176 214
784 209 785 215
414 325 416 328
290 730 303 730
626 125 639 125
129 490 130 496
458 869 459 875
396 722 409 722
850 93 863 93
901 339 907 340
408 567 421 567
195 695 208 695
499 981 500 987
609 661 622 661
869 39 882 39
366 525 379 525
141 832 154 832
689 621 702 621
873 995 886 995
368 555 381 555
130 143 133 145
253 102 266 102
825 271 838 271
683 713 696 713
430 428 443 428
280 179 293 179
189 722 202 722
690 483 703 483
272 758 285 758
847 195 860 195
217 204 218 210
193 932 206 932
555 67 568 67
670 764 683 764
536 693 549 693
883 22 896 22
344 309 345 315
906 350 919 350
444 263 445 269
219 789 232 789
320 539 333 539
799 709 802 711
290 638 303 638
331 648 344 648
530 261 531 267
334 443 347 443
470 222 483 222
155 683 155 696
829 256 835 257
553 303 566 303
101 458 114 458
782 92 795 92
896 957 909 957
825 920 838 920
330 915 343 915
778 664 791 664
908 319 921 319
428 353 441 353
881 223 887 224
649 11 662 11
274 675 276 678
398 582 411 582
624 111 637 111
398 378 411 378
945 182 946 188
689 789 702 789
323 434 336 434
854 492 867 492
353 114 366 114
932 912 945 912
476 536 489 536
855 43 868 43
908 66 921 66
431 387 444 387
28 601 41 601
879 219 892 219
753 217 766 217
710 324 716 325
348 367 349 373
868 720 881 720
604 609 604 622
351 62 364 62
697 185 710 185
713 749 714 755
255 430 268 430
629 258 642 258
937 924 950 924
136 122 137 128
475 573 488 573
614 56 627 56
241 547 242 553
443 400 456 400
719 710 732 710
776 181 789 181
747 979 760 979
765 934 778 934
778 155 791 155
489 48 490 54
432 688 445 688
678 599 691 599
654 842 667 842
714 338 715 344
619 162 632 162
671 410 684 410
214 973 227 973
947 756 960 756
459 530 472 530
114 372 115 378
232 258 232 271
299 452 312 452
818 303 831 303
590 84 603 84
56 183 69 183
137 386 138 392
913 469 913 482
32 1 45 1
233 493 234 499
664 133 677 133
474 652 475 658
468 890 481 890
575 931 588 931
220 783 226 784
364 906 377 906
145 694 151 695
226 848 239 848
577 691 578 697
97 448 110 448
392 837 405 837
939 542 952 542
253 355 266 355
838 902 851 902
576 895 589 895
222 521 235 521
67 191 80 191
703 441 716 441
910 461 923 461
409 678 422 678
163 967 169 968
14 229 27 229
871 174 884 174
776 25 789 25
953 26 954 32
854 307 855 313
772 138 778 139
78 13 79 19
571 757 584 757
167 943 180 943
135 1 141 2
457 4 470 4
814 983 827 983
210 299 223 299
157 938 158 944
172 19 172 32
441 4 454 4
437 845 450 845
362 314 375 314
705 698 718 698
50 816 51 822
876 383 876 396
68 13 69 19
345 454 358 454
886 412 887 418
856 344 857 350
55 470 56 476
537 547 538 553
399 521 399 534
786 178 799 178
120 765 121 771
132 367 133 373
473 984 486 984
538 273 551 273
302 428 315 428
696 929 697 935
548 205 561 205
273 143 274 149
884 410 885 416
750 683 763 683
672 626 685 626
391 445 391 458
9 486 10 492
401 86 414 86
614 571 620 572
61 734 62 740
558 238 571 238
886 132 899 132
908 412 909 418
31 807 44 807
111 798 124 798
650 976 656 977
723 982 724 988
265 446 278 446
245 329 258 329
973 887 986 887
660 569 660 582
732 478 745 478
953 525 966 525
310 400 316 401
1 953 14 953
257 775 270 775
252 463 265 463
575 898 588 898
776 968 789 968
519 965 519 978
329 719 342 719
961 232 974 232
80 366 81 372
219 516 232 516
727 856 740 856
510 345 511 351
65 626 78 626
513 646 526 646
468 604 481 604
451 11 452 17
87 511 100 511
29 437 29 450
736 752 742 753
519 149 532 149
999 17 999 30
738 379 751 379
319 760 332 760
3 118 16 118
559 319 572 319
598 738 599 744
340 283 353 283
766 727 769 729
783 59 796 59
137 723 150 723
737 737 739 740
467 355 470 357
327 392 340 392
161 171 174 171
300 281 313 281
346 713 346 726
915 702 928 702
145 722 158 722
279 148 292 148
259 514 259 527
165 48 166 54
10 673 23 673
990 63 991 69
34 330 40 331
703 293 716 293
887 452 888 458
225 989 238 989
553 862 566 862
929 297 942 297
925 296 926 302
970 167 971 173
220 19 233 19
245 868 251 869
879 63 892 63
372 702 378 703
442 326 455 326
352 639 353 645
853 940 866 940
786 499 786 512
959 214 972 214
663 718 676 718
522 705 535 705
592 134 593 140
938 932 951 932
887 340 893 341
73 132 86 132
902 987 915 987
840 403 853 403
180 979 193 979
950 312 951 318
933 880 946 880
734 651 747 651
900 525 913 525
991 45 997 46
585 157 598 157
587 889 600 889
725 770 726 776
860 363 873 363
769 398 770 404
469 132 469 145
745 591 758 591
11 375 12 381
804 766 817 766
561 483 561 496
684 162 685 168
955 583 968 583
222 626 235 626
411 355 412 361
271 781 277 782
599 370 612 370
480 978 493 978
402 416 403 422
907 327 920 327
462 665 475 665
353 740 366 740
260 503 261 509
830 673 836 674
716 728 729 728
695 14 696 20
545 283 558 283
101 856 102 862
613 422 614 428
832 608 838 609
712 195 725 195
635 56 636 62
495 915 508 915
863 915 866 917
585 461 585 474
794 332 807 332
85 4 98 4
994 982 995 988
696 844 697 850
331 526 344 526
819 814 832 814
438 357 444 358
429 422 435 423
542 676 543 682
184 927 190 928
177 668 178 674
857 246 870 246
539 615 552 615
92 338 105 338
165 586 166 592
881 634 882 640
816 830 817 836
142 240 143 246
462 462 475 462
523 80 529 81
199 336 200 342
441 590 454 590
602 454 615 454
332 406 345 406
912 621 925 621
445 957 458 957
35 942 48 942
824 638 824 651
669 523 682 523
964 418 965 424
456 502 457 508
847 610 860 610
71 812 72 818
406 478 407 484
159 295 159 308
512 359 518 360
996 787 996 800
848 173 861 173
734 817 747 817
90 869 103 869
657 204 658 210
911 72 917 73
20 30 33 30
280 656 286 657
21 477 22 483
174 704 180 705
672 286 685 286
671 61 684 61
32 988 45 988
708 250 721 250
223 677 236 677
358 914 371 914
198 824 211 824
933 767 946 767
687 790 700 790
854 821 867 821
461 782 462 788
117 446 130 446
332 319 333 325
448 336 448 349
390 341 391 347
336 946 349 946
121 376 134 376
368 866 381 866
835 474 836 480
251 60 264 60
736 357 749 357
936 701 937 707
338 185 351 185
337 710 350 710
981 441 994 441
201 43 207 44
589 680 602 680
403 23 416 23
601 462 607 463
918 239 931 239
965 392 966 398
142 293 155 293
762 119 775 119
228 963 241 963
759 694 772 694
893 724 906 724
145 234 146 240
786 661 799 661
584 30 597 30
256 972 257 978
772 358 773 364
923 703 929 704
753 10 766 10
219 279 232 279
318 965 331 965
998 385 999 391
51 435 64 435
326 445 339 445
650 242 663 242
935 420 948 420
963 547 964 553
836 491 837 497
612 472 613 478
987 144 987 157
334 867 347 867
773 314 786 314
473 607 486 607
490 471 503 471
770 447 783 447
129 619 142 619
980 871 981 877
717 519 717 532
74 846 87 846
677 524 690 524
749 672 750 678
543 828 556 828
153 432 159 433
392 565 393 571
72 445 85 445
222 211 223 217
663 866 664 872
458 281 471 281
6 769 7 775
732 159 735 161
842 361 843 367
415 314 428 314
912 509 925 509
478 320 479 326
674 871 687 871
562 489 575 489
495 723 508 723
233 547 235 550
848 302 861 302
695 419 708 419
466 129 479 129
960 201 973 201
492 193 493 199
446 38 459 38
550 851 563 851
871 854 884 854
242 0 255 0
471 278 477 279
839 374 840 380
106 518 119 518
615 684 628 684
669 563 682 563
870 426 883 426
876 806 889 806
579 666 579 679
745 551 758 551
555 50 568 50
682 280 695 280
137 523 150 523
990 889 996 890
508 666 521 666
967 635 973 636
867 688 868 694
602 672 615 672
112 195 125 195
989 638 990 644
315 581 316 587
263 346 264 352
838 240 839 246
987 220 990 222
174 211 175 217
145 377 158 377
731 848 744 848
597 839 610 839
111 504 111 517
107 390 120 390
368 479 369 485
997 110 997 123
323 816 323 829
221 615 234 615
68 58 81 58
142 375 148 376
784 951 797 951
466 343 479 343
871 607 884 607
634 852 635 858
29 315 30 321
982 718 995 718
456 386 457 392
691 898 704 898
878 923 878 936
613 65 614 71
494 545 495 551
2 702 8 703
400 148 413 148
572 553 585 553
110 520 110 533
647 841 647 854
555 708 555 721
48 663 61 663
77 629 90 629
710 498 723 498
77 408 90 408
266 186 279 186
78 807 84 808
929 537 935 538
491 511 492 517
500 865 500 878
529 547 529 560
989 358 989 371
961 664 974 664
426 697 439 697
171 821 177 822
500 597 501 603
640 823 653 823
467 387 480 387
819 304 825 305
699 89 700 95
42 378 43 384
363 858 376 858
898 532 911 532
363 364 376 364
102 137 115 137
781 973 782 979
554 606 560 607
684 964 697 964
986 854 987 860
528 878 529 884
693 889 706 889
797 957 810 957
280 127 286 128
728 635 741 635
3 749 16 749
381 166 394 166
65 47 78 47
720 942 733 942
272 906 285 906
895 371 896 377
177 401 190 401
994 198 999 199
653 132 666 132
374 175 375 181
32 328 33 334
729 333 742 333
951 595 964 595
739 954 752 954
259 224 272 224
184 863 197 863
525 226 526 232
552 265 565 265
948 183 961 183
906 378 919 378
605 780 618 780
220 697 233 697
929 22 930 28
634 300 640 301
508 456 508 469
423 583 436 583
924 698 937 698
854 812 855 818
84 435 97 435
874 540 887 540
448 497 461 497
52 214 58 215
480 610 493 610
62 178 75 178
63 221 76 221
70 723 71 729
76 782 89 782
787 70 800 70
326 622 339 622
287 434 288 440
177 107 178 113
526 173 539 173
756 857 769 857
991 141 997 142
933 639 946 639
661 578 674 578
595 271 608 271
415 764 428 764
630 639 643 639
419 463 432 463
936 619 936 632
451 167 452 173
192 179 205 179
493 873 499 874
855 657 868 657
726 212 732 213
49 497 62 497
907 798 909 801
753 990 766 990
35 25 48 25
27 688 40 688
476 919 476 932
981 892 994 892
654 516 660 517
916 843 929 843
920 748 933 748
412 501 425 501
240 436 253 436
146 871 152 872
339 115 339 128
178 574 179 580
284 654 297 654
781 380 794 380
226 896 239 896
76 625 89 625
23 683 24 689
884 847 897 847
773 539 779 540
892 429 905 429
258 969 271 969
266 645 279 645
228 945 229 951
478 282 479 288
910 170 911 176
737 981 750 981
745 567 758 567
81 643 94 643
821 948 834 948
673 15 686 15
447 652 460 652
572 947 585 947
648 750 654 751
984 799 985 805
637 854 643 855
916 993 929 993
205 963 218 963
110 718 111 724
636 912 649 912
279 195 280 201
110 224 123 224
759 164 760 170
565 470 578 470
145 362 158 362
735 196 748 196
747 399 748 405
575 170 576 176
404 508 417 508
613 452 626 452
534 516 547 516
113 301 126 301
331 628 332 634
808 495 809 501
28 702 29 708
828 901 841 901
576 177 589 177
600 367 613 367
296 887 302 888
777 95 790 95
954 128 967 128
293 751 294 757
582 708 583 714
391 318 404 318
268 261 281 261
884 150 897 150
254 447 255 453
306 944 306 957
76 812 89 812
610 52 616 53
614 716 620 717
276 594 277 600
610 366 623 366
789 791 795 792
590 758 603 758
199 560 212 560
959 849 960 855
715 930 728 930
398 584 411 584
900 735 913 735
21 332 27 333
853 418 866 418
50 391 63 391
465 967 466 973
851 824 852 830
779 695 780 701
575 664 588 664
610 521 623 521
8 303 21 303
817 61 818 67
438 35 451 35
761 709 762 715
977 713 980 715
291 344 291 357
691 207 704 207
473 725 486 725
953 805 966 805
189 468 192 470
372 732 385 732
154 698 154 711
485 470 487 473
134 899 135 905
667 72 668 78
806 237 819 237
658 274 671 274
89 120 90 126
627 82 640 82
629 992 642 992
497 510 498 516
813 852 819 853
977 593 990 593
107 499 108 505
367 566 380 566
470 498 483 498
213 927 214 933
525 837 538 837
685 664 698 664
197 818 210 818
76 359 77 365
335 48 336 54
159 219 172 219
10 839 23 839
4 324 17 324
653 324 666 324
6 419 19 419
533 769 534 775
62 260 63 266
134 354 147 354
254 238 254 251
664 415 670 416
602 774 602 787
87 396 88 402
160 334 173 334
466 413 479 413
614 696 620 697
412 186 412 199
777 637 790 637
982 901 983 907
297 133 303 134
102 542 103 548
471 714 484 714
114 92 115 98
665 476 678 476
314 732 327 732
707 995 713 996
95 871 96 877
83 977 96 977
526 329 527 335
568 692 574 693
110 910 123 910
806 850 807 856
37 559 38 565
816 276 817 282
102 668 103 674
407 626 420 626
6 154 19 154
453 471 459 472
244 82 244 95
382 78 395 78
687 905 688 911
729 898 742 898
398 558 399 564
226 330 239 330
857 539 858 545
361 458 374 458
900 783 913 783
753 825 766 825
507 297 520 297
905 459 906 465
920 212 921 218
51 792 51 805
149 548 162 548
865 58 878 58
484 681 485 687
339 433 352 433
313 350 326 350
600 946 613 946
144 641 157 641
708 277 721 277
959 154 972 154
919 848 932 848
830 29 831 35
260 44 273 44
409 686 410 692
307 206 320 206
669 185 682 185
643 106 644 112
395 892 408 892
414 426 427 426
709 259 709 272
453 940 466 940
938 785 951 785
929 157 942 157
186 390 187 396
323 644 336 644
886 823 899 823
656 876 669 876
99 626 99 639
260 457 266 458
830 135 831 141
816 813 829 813
687 52 700 52
451 484 451 496
931 866 937 867
791 454 804 454
417 378 423 379
15 947 28 947
604 548 617 548
522 87 522 100
551 175 564 175
538 146 551 146
162 148 162 161
645 296 658 296
168 238 168 251
441 989 454 989
821 61 823 64
852 502 853 508
562 934 568 935
299 369 312 369
975 307 988 307
41 91 54 91
23 564 24 570
311 699 312 705
221 652 234 652
860 362 873 362
755 883 768 883
68 129 74 130
397 816 398 822
221 32 222 38
486 545 487 551
883 359 896 359
78 55 84 56
374 613 387 613
875 517 876 523
183 167 189 168
68 909 74 910
637 634 650 634
435 322 448 322
929 941 942 941
590 829 603 829
911 312 912 318
538 397 551 397
976 50 977 56
991 404 992 410
42 989 55 989
227 688 240 688
898 345 899 351
930 453 936 454
145 815 158 815
289 465 290 471
656 901 662 902
307 801 320 801
826 22 832 23
266 290 279 290
264 289 277 289
901 559 902 565
674 720 675 726
35 592 36 598
619 361 632 361
287 869 300 869
47 852 60 852
413 777 414 783
685 225 686 231
399 870 412 870
311 8 324 8
26 219 39 219
260 244 273 244
340 499 353 499
617 176 617 189
539 840 552 840
920 849 921 855
993 871 994 877
582 556 583 562
850 627 851 633
928 753 941 753
56 572 69 572
835 498 848 498
438 200 439 206
994 978 996 981
120 861 133 861
410 357 410 370
211 658 217 659
9 191 22 191
932 385 945 385
948 817 961 817
829 682 830 688
251 477 264 477
246 400 259 400
183 280 184 286
567 655 573 656
379 509 380 515
841 78 854 78
215 651 216 656
963 264 976 264
381 92 394 92
158 219 158 232
564 164 577 164
349 162 362 162
452 815 465 815
13 267 19 268
510 336 511 342
877 29 890 29
78 761 79 767
925 823 938 823
967 95 973 96
933 479 934 485
769 893 771 896
365 365 378 365
642 509 648 510
644 898 657 898
392 87 398 88
981 755 982 761
301 228 307 229
148 67 148 80
251 184 264 184
286 155 299 155
716 606 729 606
30 854 43 854
748 57 761 57
489 351 502 351
821 405 834 405
264 608 277 608
532 612 545 612
133 847 133 860
81 634 82 640
507 613 508 619
310 405 323 405
576 339 582 340
323 880 336 880
911 784 924 784
96 77 109 77
939 468 941 471
224 250 237 250
441 959 447 960
651 303 652 309
809 859 822 859
410 669 423 669
74 164 87 164
362 504 368 505
831 998 837 999
195 365 195 378
54 857 60 858
638 556 639 562
818 381 819 387
795 28 801 29
593 253 594 259
277 294 290 294
871 601 884 601
155 788 168 788
945 340 946 346
444 656 450 657
634 834 635 840
863 332 876 332
171 36 172 42
971 709 984 709
506 963 519 963
358 109 364 110
450 962 452 965
432 893 433 899
394 3 407 3
612 825 613 831
844 320 845 326
771 978 772 984
213 290 214 296
173 301 186 301
681 865 694 865
41 580 42 586
802 841 803 847
384 144 397 144
534 891 534 904
362 370 363 376
932 879 945 879
125 78 138 78
33 976 46 976
797 350 798 356
686 381 699 381
617 153 618 159
485 117 486 123
172 255 185 255
746 122 752 123
926 650 939 650
232 949 245 949
229 222 242 222
540 67 553 67
104 385 117 385
163 166 176 166
144 390 157 390
649 512 655 513
710 589 711 595
292 105 305 105
619 655 625 656
679 355 692 355
658 650 671 650
777 465 790 465
290 381 303 381
454 8 467 8
615 888 616 894
753 531 759 532
783 681 796 681
926 740 939 740
759 30 772 30
431 76 434 78
327 112 340 112
159 391 172 391
689 934 690 940
140 306 153 306
316 391 319 393
430 308 431 314
965 783 978 783
211 537 224 537
162 183 175 183
424 176 437 176
852 521 853 527
297 88 310 88
545 581 546 587
383 406 396 406
197 405 210 405
938 15 951 15
392 189 405 189
146 761 159 761
731 18 732 24
925 128 938 128
275 750 281 751
813 909 814 915
271 827 284 827
731 33 744 33
150 612 163 612
246 975 252 976
542 156 543 162
199 879 212 879
271 932 272 938
412 891 425 891
733 855 746 855
720 229 733 229
349 868 350 874
33 349 46 349
299 298 312 298
41 109 54 109
541 481 544 483
763 316 776 316
496 655 509 655
231 391 244 391
969 417 982 417
714 536 715 542
319 761 320 767
748 211 749 217
608 123 621 123
805 393 818 393
964 545 977 545
312 695 318 696
227 872 228 878
948 744 954 745
855 129 855 142
6 547 7 553
328 920 341 920
667 203 680 203
301 406 302 412
284 32 297 32
249 610 255 611
663 57 676 57
974 210 987 210
792 794 805 794
43 520 44 526
411 450 424 450
229 260 230 266
46 177 59 177
478 373 491 373
657 665 670 665
80 410 93 410
47 399 60 399
368 607 381 607
186 717 199 717
899 896 900 902
92 430 105 430
333 36 346 36
881 228 894 228
863 561 876 561
767 600 768 606
547 121 548 127
99 559 105 560
897 153 898 159
968 884 981 884
265 320 271 321
274 511 287 511
275 674 288 674
16 799 17 805
782 750 795 750
720 838 733 838
178 995 191 995
802 182 803 188
540 109 541 115
186 774 199 774
553 513 566 513
769 137 771 140
647 684 660 684
687 206 700 206
649 162 650 168
194 178 207 178
894 291 907 291
295 470 296 476
38 684 44 685
13 827 14 833
612 671 625 671
896 766 897 772
742 757 748 758
916 695 929 695
380 343 381 349
229 18 242 18
376 153 389 153
664 440 665 446
745 35 758 35
589 290 602 290
688 89 690 92
894 164 907 164
966 879 979 879
755 790 768 790
372 471 385 471
97 454 110 454
867 622 880 622
838 685 850 685
364 342 377 342
812 635 815 637
122 311 135 311
438 105 451 105
613 108 626 108
482 80 495 80
287 97 300 97
96 131 109 131
346 406 347 412
126 429 139 429
861 535 874 535
881 82 882 88
483 216 496 216
928 15 928 28
254 478 255 484
233 66 239 67
761 156 761 169
484 828 484 841
925 18 926 24
146 459 159 459
3 104 16 104
591 26 597 27
859 162 872 162
672 91 685 91
224 343 237 343
11 277 24 277
315 864 316 870
769 721 775 722
308 91 309 97
987 993 993 994
925 462 938 462
100 327 113 327
324 682 325 688
545 672 558 672
132 717 138 718
954 94 967 94
111 344 124 344
422 813 422 826
998 2 999 8
902 848 915 848
806 465 807 471
771 788 772 794
701 363 714 363
197 328 210 328
847 297 860 297
270 836 283 836
368 48 381 48
550 869 556 870
136 408 149 408
838 719 851 719
459 330 465 331
545 895 551 896
375 965 376 971
692 589 698 590
732 289 745 289
101 146 114 146
566 561 579 561
790 478 803 478
74 630 75 636
530 524 543 524
408 300 421 300
128 624 129 630
557 689 570 689
729 64 742 64
995 730 996 736
555 796 555 809
994 323 995 329
993 658 996 660
604 136 617 136
502 722 515 722
702 824 715 824
382 602 395 602
233 411 246 411
792 651 798 652
746 117 759 117
539 23 552 23
515 276 528 276
567 374 580 374
982 653 995 653
234 152 235 158
505 874 518 874
851 135 854 137
779 406 792 406
546 177 547 183
604 470 617 470
951 283 964 283
728 139 741 139
652 466 665 466
886 592 887 598
116 12 129 12
250 238 250 251
603 450 616 450
715 62 716 68
737 328 750 328
247 904 260 904
796 236 802 237
853 233 854 239
867 607 867 620
63 668 64 674
111 955 117 956
273 158 274 164
997 567 998 573
600 619 601 625
673 909 686 909
72 161 73 167
728 267 741 267
819 306 825 307
54 407 67 407
830 793 843 793
184 30 197 30
471 612 472 618
537 783 538 789
423 325 436 325
825 831 826 837
409 467 410 473
158 758 171 758
525 17 538 17
865 266 878 266
899 578 900 584
805 365 805 378
217 938 223 939
798 391 811 391
226 635 227 641
826 152 827 158
847 330 860 330
117 645 130 645
556 353 569 353
372 424 385 424
434 937 447 937
636 31 649 31
8 781 14 782
960 357 973 357
80 735 81 741
114 914 127 914
295 401 308 401
937 480 950 480
231 40 232 46
770 455 776 456
529 213 530 219
320 466 321 472
412 952 425 952
779 750 780 756
436 301 449 301
916 542 917 548
235 512 248 512
357 358 370 358
936 498 949 498
245 747 258 747
450 128 456 129
414 721 415 727
370 71 370 84
552 29 565 29
129 667 130 673
406 671 419 671
825 308 838 308
206 440 219 440
620 147 620 160
553 811 559 812
705 163 718 163
668 48 681 48
198 435 199 441
365 656 366 662
685 270 686 276
601 116 614 116
456 754 462 755
517 272 530 272
375 294 388 294
226 422 232 423
824 553 825 559
919 391 932 391
886 760 899 760
186 364 187 370
234 389 247 389
827 24 827 37
46 960 59 960
133 776 134 782
167 585 180 585
909 536 910 542
336 620 349 620
620 546 621 552
202 816 215 816
624 145 625 151
500 240 513 240
274 535 275 541
848 843 849 849
606 75 619 75
245 644 258 644
466 228 479 228
589 358 602 358
721 432 734 432
569 725 570 731
757 610 763 611
242 508 255 508
790 12 791 18
857 190 870 190
870 568 871 574
595 226 608 226
102 301 103 307
7 505 20 505
873 239 886 239
214 707 227 707
363 412 376 412
385 276 386 282
797 142 810 142
475 650 488 650
164 583 170 584
257 394 270 394
860 866 873 866
602 143 603 149
957 889 958 895
628 759 629 765
476 379 489 379
347 40 360 40
709 626 710 632
594 96 607 96
332 741 333 747
679 189 692 189
193 842 193 855
998 82 998 95
776 714 789 714
79 436 80 442
292 673 293 679
919 881 932 881
988 533 989 539
831 37 832 43
150 462 163 462
985 324 986 330
893 862 906 862
892 721 898 722
224 324 237 324
759 919 772 919
14 109 20 110
179 44 180 50
22 134 35 134
354 400 360 401
697 450 710 450
573 294 586 294
354 917 367 917
445 893 458 893
158 294 158 307
314 298 327 298
623 565 636 565
423 121 424 127
940 665 953 665
758 365 759 371
6 287 12 288
678 772 679 778
821 135 827 136
423 262 429 263
120 61 133 61
791 553 804 553
376 174 377 180
52 865 52 878
923 340 924 346
725 288 738 288
267 150 273 151
139 75 145 76
166 900 179 900
972 844 985 844
362 321 363 327
492 414 493 420
510 377 523 377
813 578 826 578
200 866 201 872
722 389 722 402
6 959 7 965
972 308 972 321
906 933 919 933
345 706 351 707
342 592 355 592
531 740 544 740
918 745 931 745
888 643 901 643
198 412 211 412
712 42 713 48
370 720 370 733
476 183 489 183
840 243 853 243
640 113 641 119
317 675 318 681
888 507 901 507
773 738 786 738
900 384 913 384
213 841 226 841
228 593 241 593
637 479 650 479
573 778 586 778
342 653 355 653
411 318 424 318
490 161 503 161
66 893 72 894
334 432 347 432
410 583 422 583
180 77 193 77
386 132 399 132
869 676 882 676
460 670 473 670
308 15 321 15
374 629 380 630
613 532 626 532
835 665 848 665
155 135 156 141
725 74 731 75
216 829 229 829
23 668 29 669
744 773 757 773
180 715 193 715
621 48 622 54
260 817 273 817
103 476 116 476
636 546 649 546
209 981 222 981
43 862 56 862
94 202 107 202
550 986 551 992
121 563 122 569
120 684 133 684
704 837 705 843
993 910 999 911
