3482
17 3 28 3
101 19 112 19
146 55 157 55
137 30 148 30
64 18 75 18
13 161 24 161
158 47 169 47
94 100 105 100
157 164 160 166
52 139 63 139
162 110 173 110
79 31 90 31
67 28 78 28
116 47 127 47
42 210 45 212
121 24 132 24
161 114 172 114
21 199 32 199
192 65 197 66
108 99 119 99
154 188 165 188
136 159 147 159
68 9 79 9
72 25 83 25
37 4 48 4
182 122 193 122
55 194 66 194
199 116 199 127
77 120 79 123
34 22 45 22
84 117 95 117
82 76 93 76
17 23 28 23
144 164 155 164
28 202 39 202
171 43 182 43
79 133 90 133
27 178 38 178
127 227 138 227
2 123 13 123
48 145 59 145
153 199 164 199
196 8 199 10
195 140 198 142
138 0 149 0
100 246 102 249
166 42 177 42
106 65 117 65
99 45 110 45
119 215 130 215
194 203 199 204
126 35 126 46
24 38 35 38
112 137 123 137
26 240 37 240
14 192 25 192
86 155 97 155
23 197 34 197
123 191 134 191
133 188 144 188
75 20 78 22
125 141 136 141
60 33 71 33
72 111 83 111
34 120 45 120
187 158 198 158
124 17 127 19
104 180 115 180
76 184 87 184
112 20 123 20
157 246 168 246
194 215 197 217
76 59 87 59
84 105 95 105
1 247 12 247
192 238 195 240
106 201 117 201
61 136 72 136
186 243 191 244
166 168 167 173
91 70 94 72
95 115 106 115
121 210 132 210
126 22 137 22
160 120 171 120
185 107 196 107
43 237 48 238
167 62 178 62
105 158 116 158
183 143 194 143
85 39 96 39
84 35 95 35
127 203 138 203
64 248 75 248
12 248 23 248
113 216 124 216
174 246 185 246
118 14 129 14
55 206 66 206
177 58 188 58
92 196 103 196
4 226 9 227
152 167 163 167
41 116 52 116
153 52 164 52
51 91 62 91
90 58 95 59
15 5 26 5
111 244 122 244
36 9 47 9
150 41 153 43
192 162 195 164
184 19 195 19
0 68 11 68
110 208 121 208
40 83 51 83
164 146 175 146
1 236 12 236
138 197 141 199
141 229 152 229
5 34 16 34
182 181 193 181
58 212 69 212
101 125 112 125
102 72 113 72
135 210 146 210
34 54 45 54
169 38 180 38
80 245 91 245
12 48 23 48
52 187 57 188
151 163 162 163
113 153 124 153
34 60 45 60
161 191 172 191
134 89 145 89
58 16 69 16
24 89 35 89
70 110 71 115
50 15 61 15
130 95 141 95
39 39 50 39
129 77 132 79
36 174 47 174
2 192 13 192
47 49 50 51
129 128 140 128
115 249 126 249
29 61 40 61
100 151 111 151
48 29 59 29
186 99 197 99
41 69 52 69
66 15 77 15
153 190 164 190
143 72 154 72
172 113 183 113
124 157 135 157
47 180 58 180
48 106 59 106
25 62 36 62
179 112 190 112
19 19 30 19
17 32 28 32
141 117 152 117
9 238 20 238
178 45 189 45
60 49 71 49
176 245 187 245
166 43 169 45
93 220 96 222
0 100 11 100
112 239 123 239
151 34 162 34
104 168 115 168
117 205 128 205
77 4 88 4
193 96 196 98
153 63 164 63
193 71 196 73
120 49 131 49
30 233 41 233
38 176 49 176
104 245 115 245
188 215 191 217
15 66 26 66
82 40 93 40
55 86 66 86
93 38 104 38
95 176 106 176
150 73 153 75
105 90 108 92
73 152 84 152
126 172 137 172
174 220 185 220
79 216 90 216
169 58 172 60
3 12 6 14
90 188 101 188
151 206 162 206
119 27 130 27
143 77 154 77
24 85 35 85
62 64 73 64
135 205 146 205
181 36 184 38
7 69 18 69
148 82 159 82
50 1 61 1
173 8 184 8
74 176 85 176
27 6 38 6
64 168 75 168
183 115 194 115
14 198 25 198
138 247 149 247
157 122 168 122
106 46 117 46
168 95 179 95
3 81 14 81
75 224 78 226
40 112 51 112
36 19 39 21
162 97 173 97
127 66 130 68
30 98 41 98
76 104 87 104
132 32 143 32
79 138 90 138
192 27 195 29
47 192 58 192
11 202 14 204
113 196 124 196
187 200 198 200
34 249 45 249
106 63 117 63
182 227 193 227
94 92 97 94
57 222 68 222
187 228 198 228
164 160 167 162
190 134 191 139
101 177 112 177
128 63 139 63
16 121 27 121
5 198 8 200
53 80 64 80
9 211 20 211
153 30 164 30
68 137 79 137
66 142 77 142
69 180 80 180
135 43 146 43
82 6 93 6
161 99 172 99
65 81 76 81
182 88 193 88
134 239 145 239
80 100 91 100
99 22 110 22
118 175 129 175
185 190 196 190
17 209 22 210
34 63 45 63
165 62 165 73
185 79 196 79
19 222 30 222
11 125 22 125
31 167 42 167
37 217 48 217
152 244 163 244
111 6 122 6
148 203 159 203
72 148 83 148
168 140 170 143
77 61 88 61
145 33 156 33
59 201 70 201
80 85 83 87
124 178 135 178
1 191 12 191
112 164 123 164
132 117 133 122
70 233 81 233
178 126 189 126
76 62 87 62
45 177 56 177
197 123 198 128
173 147 184 147
169 177 180 177
181 116 192 116
0 101 11 101
76 189 87 189
196 112 199 114
152 154 163 154
114 73 117 75
8 59 19 59
167 201 178 201
117 92 128 92
163 226 174 226
47 110 58 110
187 239 190 241
99 244 110 244
58 44 69 44
193 45 196 47
131 235 142 235
98 47 103 48
13 132 24 132
63 219 74 219
123 130 134 130
66 83 77 83
193 165 196 167
79 95 82 97
111 62 122 62
158 93 169 93
84 60 95 60
23 69 34 69
124 110 127 112
27 14 38 14
38 190 49 190
67 146 70 148
27 68 38 68
172 155 183 155
115 148 126 148
59 100 62 102
76 117 79 119
60 179 71 179
186 159 197 159
29 63 32 65
65 77 68 79
38 73 49 73
11 54 22 54
84 154 95 154
93 209 104 209
86 196 89 198
35 244 46 244
0 30 11 30
37 100 40 102
121 232 132 232
48 11 59 11
7 5 10 7
96 184 101 185
182 60 182 71
18 111 29 111
125 182 136 182
93 148 104 148
177 26 188 26
158 104 169 104
20 207 31 207
144 4 155 4
147 101 158 101
23 90 26 92
15 128 26 128
180 192 191 192
80 93 91 93
134 238 145 238
156 130 167 130
93 174 104 174
28 73 31 75
184 75 187 77
44 118 55 118
46 35 57 35
57 177 68 177
40 90 51 90
197 184 198 189
168 92 179 92
66 38 77 38
107 52 118 52
151 157 162 157
125 239 128 241
113 51 124 51
12 86 15 88
68 158 79 158
194 91 197 93
46 137 57 137
29 234 40 234
102 168 103 173
78 92 89 92
100 75 111 75
151 112 162 112
30 21 33 23
58 34 69 34
42 31 53 31
104 110 115 110
140 167 151 167
166 35 177 35
155 146 160 147
91 129 102 129
53 134 64 134
143 49 146 51
2 11 13 11
8 105 19 105
68 48 79 48
131 196 142 196
30 13 41 13
118 32 119 37
60 205 71 205
96 70 98 73
77 220 88 220
91 203 94 205
108 154 119 154
120 43 123 45
76 113 78 116
77 217 88 217
80 42 91 42
156 86 167 86
95 227 106 227
59 107 70 107
163 82 174 82
132 193 135 195
37 44 48 44
88 233 99 233
71 62 75 63
175 231 186 231
105 94 116 94
190 72 191 77
34 55 45 55
41 149 44 151
56 7 67 7
148 105 151 107
124 3 135 3
86 137 97 137
121 74 132 74
115 59 118 61
97 194 108 194
91 5 102 5
12 127 23 127
109 141 112 143
185 7 196 7
24 35 27 37
141 193 152 193
172 244 173 249
99 78 110 78
91 242 102 242
77 190 88 190
94 234 105 234
49 52 60 52
115 115 126 115
22 249 33 249
114 68 125 68
150 49 161 49
199 146 199 157
129 207 140 207
20 204 23 206
30 206 41 206
153 147 154 152
118 135 129 135
130 107 141 107
150 22 161 22
94 169 97 171
6 88 9 90
131 56 142 56
152 241 163 241
7 0 18 0
151 44 162 44
98 131 109 131
139 142 150 142
140 103 151 103
179 120 190 120
182 82 193 82
43 147 54 147
104 82 115 82
169 32 180 32
140 67 151 67
85 164 96 164
87 140 90 142
66 214 77 214
8 53 19 53
102 139 107 140
150 204 161 204
95 126 106 126
71 191 82 191
134 236 145 236
104 116 115 116
176 103 187 103
156 159 167 159
150 98 161 98
49 249 60 249
161 10 164 12
80 105 83 107
39 53 50 53
102 11 105 13
31 213 42 213
98 239 109 239
161 214 172 214
28 153 31 155
94 46 105 46
10 221 21 221
45 165 56 165
3 105 5 108
168 4 179 4
68 240 79 240
184 101 195 101
157 0 158 5
199 52 199 63
73 207 84 207
67 189 70 191
3 201 14 201
15 195 26 195
174 116 177 118
183 28 186 30
167 179 178 179
57 46 68 46
59 200 70 200
123 245 134 245
94 67 105 67
41 75 52 75
193 108 196 110
122 224 133 224
36 67 47 67
82 125 85 127
125 152 136 152
4 189 15 189
46 187 49 189
108 166 119 166
177 77 180 79
137 31 148 31
30 101 35 102
83 199 94 199
163 102 174 102
82 108 93 108
73 220 76 222
7 17 18 17
55 166 58 168
183 41 186 43
61 233 64 235
194 191 197 193
178 82 181 84
42 140 53 140
54 130 65 130
179 54 182 56
52 125 63 125
0 129 11 129
8 19 11 21
1 174 4 176
51 24 62 24
63 230 74 230
165 242 176 242
57 108 68 108
87 211 90 213
94 152 105 152
170 94 181 94
58 67 69 67
77 173 88 173
16 23 16 33
122 236 127 237
57 132 68 132
154 159 155 162
154 1 156 3
98 191 109 191
104 215 115 215
30 15 41 15
59 70 70 70
46 10 47 15
177 185 188 185
30 193 41 193
197 77 198 82
142 115 153 115
163 176 174 176
149 153 160 153
124 233 135 233
134 80 145 80
33 186 44 186
59 137 64 138
184 83 195 83
192 34 195 36
101 133 104 135
144 173 155 173
117 171 128 171
27 210 38 210
22 216 33 216
131 113 142 113
169 150 180 150
134 199 137 201
40 239 51 239
120 77 123 79
43 166 54 166
9 148 20 148
97 200 108 200
48 171 59 171
100 155 103 157
24 210 25 215
61 96 64 98
16 63 27 63
114 186 125 186
188 44 199 44
139 135 150 135
98 123 109 123
84 24 95 24
199 11 199 22
114 169 125 169
156 192 167 192
52 83 55 85
95 95 106 95
24 7 35 7
153 26 164 26
53 182 64 182
19 134 24 135
107 157 118 157
25 133 36 133
99 158 102 160
25 30 36 30
48 104 59 104
84 33 95 33
111 77 114 79
121 89 132 89
28 86 31 88
188 29 191 31
160 48 171 48
68 242 79 242
27 51 30 53
54 218 65 218
93 237 104 237
51 54 62 54
72 159 83 159
186 57 197 57
24 109 35 109
175 127 186 127
171 207 182 207
64 126 75 126
122 123 133 123
53 239 64 239
196 21 197 26
29 41 40 41
154 81 165 81
147 71 158 71
134 6 145 6
37 227 48 227
148 217 151 219
5 93 8 95
14 236 25 236
86 241 97 241
53 219 56 221
156 64 159 66
111 97 122 97
188 94 199 94
176 108 187 108
103 137 108 138
131 242 142 242
171 228 182 228
8 242 19 242
59 227 70 227
96 244 97 249
33 103 44 103
25 49 36 49
14 243 25 243
64 204 75 204
166 111 177 111
38 51 43 52
175 223 186 223
144 192 155 192
81 153 92 153
140 76 142 79
50 44 53 46
17 7 20 9
19 77 30 77
8 15 19 15
30 247 41 247
32 36 43 36
19 178 20 183
37 125 48 125
107 132 118 132
29 146 40 146
19 27 30 27
64 23 69 24
32 227 35 229
50 212 53 214
21 245 32 245
2 158 13 158
124 34 135 34
73 156 84 156
78 239 89 239
165 145 176 145
31 80 42 80
46 197 49 199
0 49 11 49
97 179 108 179
14 138 25 138
134 40 145 40
177 191 188 191
94 68 105 68
137 161 148 161
124 150 135 150
188 124 193 125
101 86 112 86
4 31 15 31
89 16 100 16
18 247 29 247
102 235 113 235
131 166 142 166
99 97 110 97
41 111 52 111
76 11 87 11
106 55 117 55
103 205 114 205
160 95 165 96
2 195 13 195
159 227 170 227
58 109 69 109
126 12 131 13
188 233 199 233
52 93 63 93
133 44 144 44
57 60 68 60
58 62 69 62
150 195 161 195
194 134 197 136
93 25 104 25
65 181 76 181
30 142 41 142
174 149 185 149
125 159 128 161
65 152 68 154
21 158 32 158
155 8 166 8
175 144 186 144
31 248 42 248
4 26 7 28
73 4 76 6
93 243 104 243
21 13 24 15
131 159 134 161
87 15 98 15
75 80 86 80
85 155 85 163
1 152 12 152
69 98 80 98
165 193 176 193
33 82 36 84
114 56 125 56
68 188 79 188
165 1 176 1
114 125 125 125
34 124 45 124
11 46 22 46
16 77 17 82
114 194 125 194
106 79 109 81
19 146 24 147
181 106 192 106
88 103 99 103
4 17 5 22
72 160 75 162
20 142 23 144
117 232 120 234
147 94 158 94
44 56 47 58
49 94 60 94
169 238 180 238
184 47 187 49
178 63 181 65
158 183 169 183
61 20 72 20
154 175 165 175
74 134 85 134
32 174 35 176
23 51 26 53
24 1 35 1
19 140 30 140
110 140 121 140
54 226 65 226
114 188 125 188
144 41 149 42
194 102 197 104
118 156 129 156
52 98 55 100
77 47 88 47
119 8 130 8
85 211 86 215
191 145 194 147
13 241 24 241
51 218 52 223
177 33 188 33
54 206 54 217
135 65 146 65
67 89 78 89
78 236 89 236
94 118 105 118
8 13 19 13
5 172 16 172
128 48 139 48
43 27 46 29
171 197 174 199
15 18 26 18
143 69 146 71
24 180 35 180
111 103 122 103
11 219 22 219
186 224 197 224
8 102 19 102
38 215 49 215
112 152 123 152
152 79 163 79
137 137 148 137
80 178 91 178
128 190 139 190
140 23 151 23
111 4 122 4
112 241 123 241
163 77 174 77
196 180 199 182
92 215 103 215
128 213 139 213
176 90 187 90
173 83 176 85
11 97 22 97
55 169 66 169
155 83 166 83
157 230 168 230
117 170 128 170
11 229 22 229
184 212 195 212
25 146 28 148
36 81 47 81
158 216 169 216
31 18 42 18
101 203 112 203
183 52 188 53
148 24 159 24
42 209 53 209
133 92 144 92
23 231 34 231
22 149 33 149
179 9 182 11
163 29 174 29
107 37 110 39
37 231 48 231
178 5 189 5
42 11 45 13
22 110 33 110
190 102 193 104
189 195 192 197
163 88 174 88
16 122 27 122
185 109 188 111
130 64 141 64
142 104 153 104
126 179 137 179
143 116 154 116
35 182 38 184
84 109 95 109
154 228 165 228
57 161 68 161
18 124 29 124
128 110 131 112
188 231 199 231
136 104 139 106
105 219 116 219
12 169 23 169
43 221 46 223
19 114 30 114
118 220 129 220
113 84 124 84
87 41 98 41
16 99 27 99
122 59 133 59
193 205 194 210
14 143 17 145
161 141 164 143
148 212 159 212
58 112 69 112
49 224 60 224
29 135 40 135
84 225 95 225
79 224 90 224
17 150 28 150
22 186 25 188
195 205 198 207
3 53 6 55
142 74 147 75
196 137 199 139
172 63 175 65
128 53 139 53
45 162 56 162
23 95 34 95
33 99 44 99
137 130 148 130
91 180 102 180
74 125 81 125
81 17 92 17
114 150 119 151
135 147 146 147
92 239 97 240
179 6 190 6
68 166 79 166
111 105 122 105
10 244 21 244
51 36 62 36
125 168 136 168
86 129 89 131
191 161 191 172
100 198 105 199
51 240 54 242
7 50 18 50
5 186 16 186
8 23 11 25
41 168 52 168
108 218 119 218
23 171 34 171
89 86 100 86
134 10 145 10
110 16 113 18
179 139 182 141
157 151 168 151
166 98 177 98
80 230 91 230
131 73 142 73
8 188 19 188
68 75 73 76
53 74 64 74
120 26 131 26
162 238 165 240
42 56 43 59
48 105 59 105
52 30 63 30
63 176 73 176
105 186 108 188
64 90 75 90
172 209 183 209
42 85 45 87
124 138 135 138
16 214 19 216
185 161 188 163
102 89 113 89
93 1 104 1
53 223 64 223
169 54 172 56
115 236 118 238
55 71 66 71
116 13 117 18
131 7 142 7
35 119 46 119
114 220 117 222
122 141 123 146
6 8 9 10
47 182 50 184
11 40 22 40
99 224 110 224
100 63 103 65
43 161 54 161
10 52 21 52
188 182 191 184
184 203 187 205
119 119 130 119
179 180 190 180
33 74 44 74
1 141 12 141
3 170 14 170
77 128 88 128
82 20 93 20
85 68 88 70
75 124 86 124
172 216 183 216
122 36 125 38
102 36 113 36
54 49 57 51
98 232 109 232
159 51 170 51
22 84 23 89
120 226 131 226
125 1 136 1
109 138 114 139
138 82 141 84
109 1 120 1
135 98 146 98
41 202 44 204
86 148 89 150
76 41 77 46
3 56 14 56
63 13 74 13
98 2 109 2
74 164 79 165
114 181 125 181
64 85 75 85
102 147 113 147
145 13 156 13
9 175 20 175
116 10 127 10
24 218 35 218
60 220 71 220
126 28 137 28
165 189 176 189
75 76 78 78
146 109 157 109
51 229 62 229
165 235 176 235
68 95 71 97
15 35 20 36
8 222 11 224
9 181 12 183
45 248 56 248
84 135 95 135
79 183 90 183
36 195 47 195
37 27 40 29
78 175 89 175
1 103 12 103
76 162 81 163
136 58 147 58
168 89 179 89
179 98 190 98
184 154 195 154
57 113 68 113
137 224 148 224
41 65 52 65
30 235 41 235
10 151 21 151
65 69 76 69
106 247 117 247
78 213 83 214
116 91 127 91
145 168 156 168
138 176 149 176
50 130 51 135
19 201 30 201
138 125 149 125
86 14 97 14
150 108 161 108
99 166 104 167
34 26 45 26
96 8 107 8
32 225 37 226
65 27 66 32
126 62 137 62
92 191 95 193
112 171 115 173
87 118 90 120
171 104 182 104
116 214 127 214
124 87 135 87
149 243 160 243
42 192 45 194
47 42 58 42
90 47 90 57
59 84 70 84
31 239 39 239
49 235 60 235
39 87 39 97
48 247 59 247
42 152 53 152
135 139 146 139
68 238 79 238
186 68 191 69
9 239 20 239
131 177 142 177
111 155 122 155
101 161 112 161
156 36 167 36
53 154 64 154
163 147 166 149
51 160 62 160
101 90 104 92
13 101 24 101
191 155 194 157
127 83 130 85
12 66 14 68
73 57 84 57
197 234 198 239
59 164 70 164
116 183 127 183
129 132 140 132
111 202 122 202
57 22 68 22
103 213 108 214
78 140 81 142
161 118 172 118
145 187 156 187
110 226 113 228
174 206 185 206
22 79 33 79
93 85 104 85
119 9 130 9
154 236 165 236
183 148 194 148
25 136 36 136
170 195 181 195
150 100 161 100
130 72 141 72
164 17 167 19
140 59 151 59
186 146 190 147
181 221 192 221
169 148 180 148
151 245 162 245
57 215 68 215
39 2 50 2
40 152 41 157
164 180 175 180
65 11 70 12
10 180 18 180
141 143 152 143
135 39 146 39
181 78 192 78
48 43 59 43
133 144 144 144
126 102 137 102
64 198 69 199
44 8 55 8
147 91 158 91
97 175 108 175
24 45 35 45
174 202 185 202
108 32 111 34
171 155 171 166
67 51 78 51
192 222 197 223
132 36 143 36
70 120 73 122
148 235 159 235
53 119 64 119
155 62 164 62
151 240 161 240
160 40 171 40
146 138 157 138
59 40 70 40
170 72 181 72
121 193 131 193
165 30 176 30
71 154 82 154
140 27 151 27
194 130 197 132
119 60 130 60
22 129 25 131
9 73 20 73
131 163 142 163
14 191 25 191
76 72 87 72
130 101 141 101
64 208 75 208
129 98 132 100
113 120 124 120
83 144 94 144
49 241 50 246
81 120 83 123
113 178 118 179
162 113 171 113
53 65 64 65
71 57 72 61
170 64 171 69
113 23 116 25
165 58 167 61
52 37 63 37
164 9 175 9
58 141 61 143
168 124 171 126
141 129 152 129
146 215 157 215
168 232 179 232
170 243 181 243
171 16 182 16
93 87 104 87
159 7 170 7
64 41 75 41
44 234 55 234
93 77 104 77
165 211 176 211
147 198 158 198
10 41 21 41
13 2 24 2
54 148 65 148
97 43 108 43
177 102 188 102
135 151 146 151
57 151 68 151
0 147 3 149
93 97 96 99
71 2 76 3
12 21 15 23
169 234 180 234
56 124 67 124
148 249 159 249
71 151 82 151
32 114 43 114
168 206 170 209
158 87 169 87
83 229 94 229
157 31 168 31
81 112 92 112
190 95 199 95
168 116 173 117
33 155 36 157
198 209 199 214
179 138 189 138
10 193 21 193
126 169 137 169
147 199 150 201
33 76 44 76
172 221 177 222
99 183 110 183
179 115 180 119
130 243 141 243
114 50 125 50
143 234 154 234
2 35 13 35
71 231 82 231
153 176 156 178
6 64 17 64
135 26 146 26
79 52 82 54
3 18 3 29
163 16 163 25
16 227 27 227
7 150 16 150
73 52 76 54
150 118 153 120
150 5 153 7
143 145 154 145
12 104 23 104
27 185 38 185
74 132 85 132
150 226 161 226
146 14 157 14
185 168 188 170
149 174 160 174
155 171 160 172
101 16 106 17
168 54 168 61
110 184 121 184
158 238 161 239
101 192 112 192
0 205 11 205
36 145 47 145
68 65 73 66
163 65 164 70
166 12 177 12
149 181 152 183
176 96 187 96
64 117 75 117
179 134 182 136
156 56 167 56
73 43 75 46
42 233 53 233
119 88 130 88
69 170 80 170
32 8 43 8
86 185 89 187
194 50 197 52
129 94 140 94
121 167 132 167
83 165 94 165
117 246 128 246
114 114 125 114
164 37 175 37
120 66 125 67
164 34 175 34
90 30 101 30
150 210 161 210
154 208 165 208
84 191 87 193
101 54 112 54
78 8 89 8
106 64 117 64
0 175 0 186
26 189 37 189
83 53 86 55
151 196 162 196
45 181 56 181
144 106 147 108
145 60 156 60
163 156 166 158
33 203 36 205
68 234 79 234
106 199 117 199
4 99 15 99
167 15 178 15
26 56 37 56
10 213 11 218
99 52 104 53
31 124 32 129
127 149 138 149
35 57 38 59
50 207 53 208
78 247 89 247
171 5 174 7
42 127 53 127
70 94 81 94
130 200 133 202
27 123 38 123
44 38 55 38
183 105 194 105
177 158 180 160
107 226 108 231
85 227 90 228
175 74 186 74
89 22 94 23
147 78 158 78
194 174 197 176
33 112 38 113
66 73 77 73
177 224 180 226
84 12 95 12
109 130 120 130
138 179 149 179
149 165 154 166
131 54 142 54
161 134 172 134
173 26 176 28
94 9 105 9
170 10 175 11
8 65 19 65
138 108 141 110
186 130 189 132
8 45 19 45
46 232 57 232
33 242 44 242
54 191 65 191
97 219 100 221
89 81 100 81
120 199 131 199
52 155 63 155
104 60 107 62
71 102 82 102
15 140 18 142
84 78 95 78
2 59 7 60
99 14 110 14
129 82 137 82
78 37 89 37
96 186 101 187
113 121 116 123
124 248 135 248
139 97 150 97
40 17 51 17
76 91 87 91
60 104 71 104
89 1 92 3
129 44 132 46
101 56 112 56
30 232 41 232
157 75 168 75
128 109 137 109
101 79 104 81
78 40 79 45
152 66 155 68
73 228 84 228
71 215 82 215
186 233 187 238
63 68 74 68
184 241 185 244
181 79 184 81
52 59 63 59
84 106 95 106
17 34 28 34
17 116 20 118
151 32 162 32
43 198 45 201
116 141 119 143
184 173 195 173
158 53 169 53
42 109 53 109
0 94 3 96
198 104 198 111
196 150 197 155
72 178 77 179
166 26 169 28
173 237 184 237
196 60 198 63
173 142 184 142
57 240 58 245
4 128 14 128
181 145 190 145
101 162 112 162
44 62 55 62
89 26 100 26
146 61 157 61
12 113 23 113
33 92 36 94
113 53 124 53
59 213 70 213
51 9 62 9
127 69 138 69
23 176 26 178
171 175 182 175
154 20 159 21
51 194 54 196
186 195 188 198
15 12 26 12
11 43 22 43
165 174 176 174
48 58 51 60
30 121 41 121
81 238 92 238
5 135 16 135
23 237 34 237
195 143 198 145
41 66 52 66
4 86 9 87
123 124 134 124
160 193 164 194
59 185 70 185
121 72 126 73
141 17 152 17
119 229 130 229
106 114 113 114
149 131 160 131
175 159 176 164
137 77 139 79
101 165 112 165
132 231 143 231
123 16 134 16
175 214 186 214
128 181 139 181
47 114 58 114
185 100 196 100
136 232 147 232
177 137 188 137
46 148 49 150
91 216 102 216
79 74 90 74
55 20 60 21
86 167 89 169
99 40 110 40
32 163 43 163
7 92 18 92
126 76 137 76
199 70 199 81
71 144 82 144
6 29 15 29
171 44 182 44
127 136 138 136
181 249 192 249
182 208 192 208
137 12 148 12
19 87 20 92
15 181 18 183
198 3 199 7
66 228 71 229
146 242 157 242
2 214 5 216
189 12 192 14
125 216 136 216
172 135 175 137
110 229 113 231
10 139 21 139
47 136 58 136
154 184 157 186
155 103 166 103
26 160 29 162
143 197 144 202
143 66 151 66
105 196 110 197
6 126 17 126
68 35 79 35
185 134 188 136
80 0 91 0
168 212 179 212
120 230 131 230
98 69 109 69
167 65 168 70
19 231 22 233
84 145 95 145
182 188 193 188
38 86 38 97
23 93 28 94
64 26 75 26
19 230 30 230
18 81 29 81
117 129 128 129
42 178 53 178
176 52 181 53
150 110 161 110
148 43 149 48
183 13 186 15
71 186 76 187
183 141 194 141
2 18 2 29
118 30 129 30
9 234 20 234
126 54 129 56
116 133 121 134
134 228 145 228
177 40 188 40
79 237 90 237
150 89 161 89
55 208 60 209
3 84 14 84
61 163 72 163
27 15 29 18
94 65 99 66
1 118 12 118
41 96 52 96
155 54 166 54
155 16 160 17
34 214 45 214
163 218 174 218
170 203 173 205
140 172 151 172
0 121 11 121
16 44 27 44
20 208 31 208
147 62 150 64
50 26 61 26
57 186 68 186
163 144 174 144
129 35 140 35
57 47 68 47
169 50 180 50
129 31 136 31
188 121 198 121
172 151 183 151
89 204 90 209
147 203 147 214
191 2 194 4
47 122 58 122
50 203 61 203
155 233 166 233
177 57 185 57
28 108 39 108
141 245 146 246
154 119 165 119
123 116 134 116
181 50 192 50
89 7 100 7
66 149 77 149
153 87 157 88
37 23 48 23
106 4 109 6
121 127 132 127
86 97 91 98
182 176 193 176
34 190 37 192
183 211 194 211
51 57 62 57
107 210 118 210
164 181 175 181
164 169 165 173
152 220 163 220
159 133 170 133
83 18 94 18
168 224 173 225
55 89 66 89
107 104 118 104
3 222 6 224
32 207 43 207
33 127 36 129
2 111 13 111
150 134 160 134
153 182 164 182
25 26 33 26
136 19 147 19
67 235 78 235
188 56 198 56
161 165 166 166
41 0 46 1
56 140 67 140
108 12 113 13
152 58 157 59
196 68 198 70
60 197 71 197
21 155 24 157
69 1 80 1
63 4 72 4
99 202 110 202
138 34 149 34
59 180 64 181
125 51 136 51
138 186 149 186
24 78 35 78
124 143 135 143
86 65 89 67
78 27 89 27
102 184 107 185
3 119 8 120
22 70 33 70
38 72 49 72
25 164 36 164
60 27 63 29
56 157 67 157
142 124 153 124
192 242 195 244
102 112 113 112
105 20 110 21
62 143 73 143
44 156 55 156
82 226 93 226
27 116 38 116
167 165 170 167
177 122 180 124
12 206 15 208
110 76 121 76
127 140 138 140
154 218 159 219
38 48 49 48
35 3 46 3
127 189 138 189
88 51 89 56
148 9 159 9
169 100 180 100
142 15 153 15
121 187 132 187
113 30 116 32
0 229 3 231
142 182 147 183
92 201 97 202
183 196 184 201
56 63 67 63
90 136 101 136
30 42 41 42
136 221 147 221
118 86 129 86
47 71 54 71
137 90 148 90
81 129 84 131
184 20 195 20
196 210 197 214
64 105 75 105
185 186 196 186
121 35 121 42
71 236 76 237
69 174 80 174
93 223 104 223
123 227 126 228
152 197 163 197
84 89 95 89
124 131 135 131
177 125 187 125
138 237 149 237
125 234 136 234
138 208 143 209
69 86 72 88
19 96 30 96
33 107 44 107
158 11 160 14
53 199 56 201
155 135 166 135
115 161 118 163
103 247 105 249
11 235 22 235
44 80 52 80
153 35 154 40
169 127 172 129
109 186 112 188
169 84 172 86
103 163 114 163
179 162 182 164
146 202 157 202
98 205 101 207
131 185 136 186
75 55 80 56
83 73 94 73
76 193 77 198
147 112 150 114
174 164 174 173
141 131 144 133
83 219 94 219
12 71 23 71
56 67 57 70
145 160 153 160
23 21 28 22
117 174 128 174
24 105 27 107
118 242 129 242
15 108 26 108
167 23 178 23
118 69 121 71
9 83 20 83
165 229 176 229
49 236 60 236
157 18 162 19
0 243 11 243
148 118 149 123
161 152 166 153
106 102 117 102
8 42 19 42
42 121 53 121
23 115 34 115
13 230 16 232
157 136 162 137
148 128 159 128
75 88 86 88
62 129 73 129
148 184 153 185
193 62 195 64
123 223 134 223
45 216 53 216
81 29 92 29
42 185 53 185
20 11 31 11
2 91 13 91
52 97 60 97
100 241 111 241
104 129 115 129
148 155 159 155
28 99 29 104
76 177 87 177
105 136 116 136
127 206 138 206
63 202 74 202
77 33 82 34
153 217 164 217
66 134 71 135
173 70 178 71
177 165 188 165
25 181 36 181
31 131 42 131
181 247 192 247
101 105 104 107
113 187 120 187
185 142 194 142
179 0 190 0
60 56 71 56
112 42 115 44
12 164 23 164
111 28 122 28
11 153 22 153
63 8 74 8
199 188 199 199
75 109 80 110
71 93 79 93
86 43 89 45
134 18 145 18
135 60 140 61
156 170 163 170
23 224 34 224
172 156 183 156
163 210 174 210
24 184 34 184
185 155 188 157
198 33 199 38
117 121 120 123
128 137 136 137
3 185 14 185
188 80 193 81
40 132 43 134
5 165 16 165
129 42 134 43
60 77 63 79
189 86 194 87
164 22 175 22
180 86 185 87
124 209 135 209
85 146 90 147
131 222 142 222
115 197 126 197
143 177 148 178
23 139 34 139
169 169 172 171
109 93 120 93
156 160 159 162
121 31 126 32
25 54 30 55
18 6 26 6
81 181 92 181
5 194 16 194
66 172 77 172
2 177 13 177
108 236 113 237
4 98 15 98
33 152 36 154
148 83 151 85
52 153 63 153
24 56 25 61
14 58 23 58
116 85 117 90
83 242 88 243
17 174 28 174
124 144 127 146
191 229 196 230
94 131 97 133
172 154 183 154
91 157 94 159
9 74 20 74
20 67 31 67
29 188 40 188
65 221 72 221
74 99 85 99
177 181 180 183
127 94 128 99
155 209 166 209
12 136 23 136
6 71 11 72
120 7 130 7
38 180 43 181
74 182 78 183
144 218 147 220
149 222 160 222
136 204 146 204
137 127 148 127
24 165 35 165
187 25 195 25
143 84 145 87
100 190 111 190
52 237 63 237
2 73 5 75
4 80 15 80
93 143 104 143
177 17 180 19
31 148 42 148
159 177 162 179
143 3 153 3
9 116 14 117
76 150 85 150
129 47 140 47
29 66 40 66
94 37 105 37
4 136 7 138
70 216 73 218
107 28 109 31
1 142 12 142
119 203 124 204
179 174 190 174
109 172 111 175
7 168 18 168
95 146 106 146
159 106 170 106
1 198 2 203
91 84 102 84
194 9 195 14
42 160 50 160
50 138 58 138
107 240 118 240
165 220 168 222
38 16 49 16
155 150 166 150
121 104 132 104
89 200 91 202
139 194 150 194
3 51 14 51
134 85 139 86
135 126 146 126
56 95 67 95
6 211 7 216
67 175 77 175
27 12 38 12
16 225 27 225
176 65 177 69
116 146 121 147
2 139 7 140
162 126 165 128
170 31 181 31
112 127 117 128
79 51 87 51
1 228 12 228
25 134 36 134
142 152 145 154
29 10 40 10
41 179 52 179
199 23 199 32
0 189 0 200
64 192 75 192
118 217 129 217
136 13 139 15
73 194 74 199
152 45 163 45
195 38 196 43
12 61 23 61
100 15 111 15
156 43 165 43
122 200 127 201
58 172 61 174
50 189 61 189
138 248 149 248
110 133 113 135
67 17 78 17
46 123 51 124
116 78 119 80
194 31 197 33
105 122 112 122
148 141 159 141
6 179 7 184
90 61 101 61
79 114 90 114
119 158 130 158
127 115 138 115
32 4 36 5
167 153 178 153
101 57 112 57
70 159 71 162
49 128 60 128
55 3 66 3
193 77 196 78
161 70 162 74
121 231 131 231
9 159 10 164
75 50 86 50
26 244 34 244
20 37 23 39
144 157 149 158
185 62 188 64
197 166 198 171
167 194 178 194
63 159 68 160
169 91 180 91
185 23 190 24
87 13 98 13
181 179 192 179
191 53 194 55
122 195 131 195
109 90 112 92
27 196 38 196
102 117 113 117
11 7 14 9
85 22 88 23
89 19 100 19
171 185 174 187
103 32 106 34
130 175 141 175
162 121 173 121
7 107 18 107
161 5 166 6
19 196 26 196
189 226 199 226
116 118 127 118
179 129 190 129
178 210 189 210
56 14 67 14
79 81 82 83
21 202 26 203
2 238 4 241
139 102 150 102
144 136 155 136
49 108 56 108
44 92 55 92
77 23 82 24
39 117 50 117
57 118 68 118
110 108 121 108
148 28 159 28
6 130 17 130
67 239 67 247
186 91 189 93
176 165 176 173
121 165 132 165
136 121 147 121
189 37 194 38
134 23 137 25
50 157 53 159
80 65 83 67
173 101 183 101
166 219 177 219
0 207 11 207
172 2 183 2
55 214 65 214
131 88 142 88
79 204 82 206
34 37 45 37
4 44 15 44
166 199 166 208
36 85 37 90
107 143 108 146
166 65 166 74
177 105 180 107
80 7 88 7
0 25 1 29
10 109 21 109
16 103 27 103
14 24 15 28
154 232 165 232
72 71 83 71
120 176 131 176
52 3 54 6
0 77 11 77
167 154 169 157
105 66 116 66
66 171 77 171
73 209 84 209
74 227 84 227
118 15 129 15
115 98 126 98
41 135 44 137
25 157 32 157
150 29 161 29
35 198 38 200
17 100 27 100
62 170 63 175
127 247 137 247
169 246 171 249
97 236 107 236
163 132 174 132
56 190 66 190
177 29 182 30
2 112 5 114
189 160 190 165
60 39 71 39
107 206 118 206
181 39 192 39
186 178 197 178
8 113 11 115
107 124 118 124
1 215 1 226
167 236 178 236
103 28 106 30
76 36 87 36
115 34 116 39
21 220 32 220
156 57 167 57
26 57 29 59
69 193 72 195
100 169 101 173
183 130 185 133
3 57 8 58
40 84 51 84
56 10 67 10
48 202 59 202
150 111 161 111
94 123 97 125
80 240 91 240
185 67 196 67
147 35 150 37
139 226 144 227
79 136 89 136
120 80 131 80
58 210 69 210
51 120 62 120
28 132 39 132
111 182 122 182
99 161 100 165
52 204 63 204
27 4 31 5
114 101 125 101
106 216 111 217
168 158 169 163
96 34 99 36
65 0 76 0
96 156 97 161
117 189 120 191
199 85 199 93
111 145 121 145
32 172 43 172
177 170 180 172
101 51 112 51
89 160 92 162
139 230 150 230
52 76 63 76
137 116 139 119
87 63 98 63
94 226 105 226
177 131 180 133
13 209 16 210
2 169 11 169
96 6 105 6
165 178 176 178
52 143 57 144
54 231 65 231
160 94 169 94
183 175 193 175
118 222 129 222
83 94 93 94
44 5 47 7
77 210 88 210
33 173 44 173
39 184 46 184
102 26 113 26
11 146 16 147
37 222 40 224
89 116 100 116
6 40 9 41
156 50 167 50
63 99 66 101
155 104 157 107
46 107 57 107
68 120 69 125
173 56 176 58
115 106 126 106
50 225 61 225
68 7 79 7
100 193 111 193
4 39 15 39
144 111 146 114
83 195 94 195
2 66 7 67
153 117 164 117
38 31 41 33
139 215 142 217
0 187 11 187
88 102 99 102
45 98 48 100
139 201 142 203
0 232 11 232
138 21 149 21
3 6 5 9
66 19 77 19
110 69 113 71
44 143 49 144
58 232 69 232
195 219 198 221
107 127 111 128
88 126 93 127
111 8 114 10
177 97 188 97
3 63 14 63
97 119 108 119
21 29 24 31
104 111 115 111
168 138 173 139
4 146 7 148
118 38 119 43
88 248 93 249
159 185 170 185
189 225 199 225
95 144 106 144
123 126 134 126
78 232 89 232
64 216 69 217
56 158 61 159
39 153 39 162
14 159 25 159
92 212 103 212
45 61 56 61
30 97 37 97
120 221 131 221
70 167 81 167
162 105 173 105
108 223 119 223
160 115 171 115
12 131 21 131
186 84 197 84
49 218 50 223
174 182 176 184
26 31 37 31
30 2 34 3
98 89 99 94
39 199 42 201
188 245 199 245
135 158 143 158
83 166 94 166
93 121 98 122
171 81 180 81
70 29 73 31
131 103 139 103
96 49 107 49
162 213 173 213
32 221 42 221
97 178 108 178
142 37 146 38
77 16 88 16
119 172 124 173
113 198 124 198
93 153 104 153
152 85 163 85
131 212 142 212
169 17 172 19
151 246 154 248
158 234 168 234
8 33 15 33
122 160 124 163
90 10 101 10
71 100 76 101
0 89 5 90
86 107 97 107
32 32 35 34
18 98 29 98
172 21 183 21
23 42 28 43
99 70 109 70
65 183 70 184
131 154 134 156
90 83 101 83
31 122 42 122
94 82 103 82
73 113 75 116
70 246 81 246
175 187 186 187
181 85 192 85
74 32 76 34
8 215 9 220
121 238 132 238
131 246 140 246
1 31 3 34
132 105 135 106
27 128 30 130
33 46 36 48
77 186 82 187
4 131 9 132
154 10 157 12
92 79 97 80
97 31 100 33
27 191 29 194
195 146 198 148
167 107 170 109
101 101 112 101
10 200 21 200
143 242 145 244
26 166 37 166
20 166 23 168
33 35 44 35
120 54 125 55
173 67 175 69
16 106 23 106
124 180 135 180
49 33 54 34
122 11 133 11
199 98 199 109
144 212 145 217
165 49 176 49
10 47 21 47
121 185 130 185
175 121 186 121
27 82 30 84
36 38 38 40
37 156 38 161
157 189 164 189
34 71 45 71
118 109 121 111
85 201 88 203
134 214 138 215
120 58 131 58
114 227 117 229
88 218 99 218
112 243 123 243
155 223 158 225
37 82 48 82
6 238 8 241
142 61 145 63
64 35 67 37
99 44 110 44
166 215 177 215
161 223 172 223
92 111 103 111
156 76 161 77
139 170 150 170
127 57 138 57
76 199 79 201
140 191 151 191
125 120 128 122
49 3 51 6
46 211 49 213
191 89 196 90
134 162 145 162
91 96 102 96
66 138 77 138
98 225 109 225
182 18 193 18
136 184 147 184
18 119 29 119
130 20 141 20
35 243 46 243
118 177 129 177
162 237 172 237
186 36 188 38
106 233 111 234
117 136 126 136
76 75 87 75
18 170 21 172
86 139 97 139
121 65 132 65
39 25 50 25
176 47 181 48
81 221 92 221
5 225 15 225
175 13 180 14
117 138 122 139
77 101 88 101
71 36 75 37
52 82 63 82
8 133 13 134
36 150 40 151
91 184 94 186
112 107 123 107
21 189 25 190
52 150 63 150
82 233 85 235
87 134 98 134
83 95 94 95
7 246 18 246
57 5 68 5
2 40 3 45
43 142 54 142
164 76 175 76
135 123 146 123
0 123 1 128
150 227 158 227
197 47 199 49
163 200 164 205
182 183 187 184
108 220 111 222
65 141 76 141
74 130 79 131
184 70 195 70
85 1 88 3
54 88 65 88
101 189 112 189
176 133 176 141
154 69 159 70
118 94 121 96
182 118 187 119
147 5 149 8
153 156 162 156
112 40 117 41
67 53 70 55
21 177 21 188
154 143 159 144
33 104 44 104
97 112 101 113
150 231 161 231
133 165 144 165
37 230 48 230
72 147 83 147
110 47 113 49
34 117 38 118
81 198 82 203
73 146 84 146
63 53 66 55
38 24 49 24
4 208 7 210
12 163 23 163
46 36 50 37
166 119 177 119
114 207 125 207
25 169 30 170
138 233 149 233
34 110 45 110
179 69 181 71
135 9 146 9
76 79 87 79
94 197 99 198
17 75 22 76
0 58 1 63
28 176 31 177
168 46 179 46
48 169 53 170
185 10 188 12
50 55 61 55
60 156 71 156
192 170 195 172
87 83 88 88
98 3 109 3
97 140 100 142
17 240 25 240
186 32 193 32
77 248 82 249
70 43 72 46
183 152 194 152
61 166 66 167
13 199 20 199
9 174 16 174
164 78 175 78
79 116 88 116
193 246 196 248
55 147 66 147
102 27 113 27
16 173 27 173
121 52 132 52
52 13 62 13
165 247 168 249
15 201 18 203
52 243 55 245
92 74 103 74
17 37 19 39
91 46 92 51
155 139 166 139
174 121 174 131
122 25 133 25
179 27 190 27
129 144 132 146
129 211 140 211
166 20 171 21
90 91 97 91
0 171 11 171
62 165 73 165
33 28 36 29
120 100 128 100
71 169 82 169
109 169 113 170
168 24 179 24
140 53 151 53
12 218 23 218
38 64 49 64
109 242 117 242
181 171 186 172
188 205 191 207
24 152 27 154
141 47 146 48
77 168 85 168
32 24 37 25
85 110 90 111
4 82 15 82
157 125 167 125
66 234 66 245
40 68 51 68
109 149 120 149
140 155 143 157
95 181 106 181
10 144 13 145
22 181 23 185
168 195 169 200
135 171 146 171
137 11 148 11
175 7 184 7
94 53 97 55
158 126 161 127
143 95 154 95
179 193 190 193
36 105 47 105
176 36 180 37
94 138 102 138
149 80 160 80
4 244 9 245
182 219 193 219
78 223 89 223
37 164 48 164
0 4 11 4
99 105 100 110
120 0 131 0
50 32 61 32
146 18 156 18
38 139 49 139
149 69 153 70
109 119 112 121
50 73 61 73
121 1 123 3
52 87 63 87
80 172 91 172
65 237 65 247
184 166 189 167
45 129 48 131
90 235 101 235
181 229 186 230
168 240 179 240
119 61 130 61
99 228 102 230
49 230 60 230
155 113 158 115
2 151 9 151
126 114 137 114
134 11 135 15
45 41 56 41
174 93 185 93
24 73 26 76
106 96 117 96
43 93 46 95
149 96 159 96
3 78 14 78
119 29 130 29
14 133 24 133
9 149 20 149
155 181 163 181
8 167 19 167
1 71 5 72
132 8 143 8
17 112 28 112
187 17 198 17
160 224 165 225
175 239 186 239
181 22 192 22
77 29 78 32
80 28 91 28
156 221 164 221
160 2 171 2
148 139 153 140
55 25 66 25
29 90 32 92
139 240 150 240
61 61 70 61
73 139 84 139
166 243 169 245
6 85 17 85
24 118 33 118
93 2 96 4
28 47 32 48
98 158 98 169
119 22 120 25
129 239 132 241
144 99 155 99
105 76 109 77
34 168 37 170
123 133 134 133
147 189 152 190
164 25 175 25
101 7 112 7
2 80 2 88
139 111 143 112
139 141 147 141
82 90 93 90
56 131 67 131
165 197 165 207
25 39 28 41
63 128 74 128
158 37 161 39
69 223 72 225
101 32 102 35
1 183 5 184
180 196 182 199
7 55 18 55
52 129 53 133
3 237 14 237
40 196 45 197
105 153 106 157
142 20 153 20
129 108 137 108
80 143 91 143
40 171 47 171
126 225 137 225
183 123 194 123
143 93 154 93
33 241 44 241
31 57 34 59
166 41 177 41
187 42 192 43
40 219 45 220
66 211 77 211
198 159 199 164
175 196 178 198
89 173 99 173
173 114 184 114
47 47 56 47
163 187 170 187
104 246 115 246
154 123 165 123
126 173 137 173
190 92 193 93
15 4 26 4
21 211 23 214
31 200 34 201
182 117 193 117
1 48 11 48
9 95 14 96
40 77 51 77
62 106 73 106
166 231 174 231
78 68 83 69
18 82 26 82
114 190 116 193
192 235 195 237
70 244 81 244
174 203 177 205
90 169 93 171
57 12 64 12
123 21 134 21
108 87 113 88
21 87 21 95
81 21 92 21
193 195 198 196
127 2 138 2
43 155 51 155
143 100 146 101
1 16 12 16
123 63 127 64
128 4 139 4
124 192 135 192
135 116 136 120
3 219 6 221
2 144 7 145
105 206 106 211
58 187 69 187
72 39 83 39
35 246 46 246
185 216 187 218
173 162 173 173
184 113 195 113
150 46 161 46
93 51 98 52
127 40 132 41
152 201 162 201
77 58 88 58
150 216 157 216
114 112 119 113
47 163 58 163
189 150 194 151
78 64 89 64
24 172 31 172
42 205 53 205
36 43 47 43
26 8 31 9
127 125 137 125
37 69 40 70
185 3 190 4
164 107 166 109
152 27 163 27
33 141 44 141
57 216 62 217
10 156 15 157
146 1 151 2
148 56 151 58
180 23 183 25
85 204 88 206
108 248 119 248
9 209 12 210
169 75 180 75
93 161 95 163
161 186 170 186
70 157 81 157
191 127 194 129
189 234 191 237
110 81 121 81
4 160 7 162
28 241 31 243
43 89 54 89
129 249 140 249
0 206 11 206
134 240 138 241
28 0 39 0
26 144 37 144
52 175 57 176
0 115 3 117
186 34 191 35
26 71 31 72
17 223 28 223
85 207 88 209
53 172 56 174
157 41 165 41
52 72 63 72
30 214 33 215
85 9 89 10
48 85 51 87
133 45 144 45
59 126 63 127
105 85 115 85
10 245 20 245
5 197 16 197
183 62 184 67
1 134 4 135
71 22 74 24
18 184 20 187
47 172 52 173
14 20 25 20
42 157 45 159
113 126 122 126
0 150 0 161
60 133 71 133
36 218 47 218
101 210 104 211
40 226 51 226
76 202 78 205
75 10 84 10
80 194 80 203
64 103 75 103
128 93 139 93
146 92 157 92
57 111 68 111
28 179 39 179
51 2 62 2
70 77 73 79
54 246 64 246
37 34 48 34
168 217 179 217
54 115 65 115
146 226 149 228
10 249 21 249
114 19 123 19
0 55 2 57
179 128 190 128
38 78 49 78
25 219 36 219
151 36 152 40
62 92 73 92
78 105 79 108
137 70 142 71
11 160 22 160
123 147 134 147
118 63 119 67
139 225 150 225
132 37 137 38
83 151 94 151
191 149 198 149
115 211 126 211
31 16 36 17
83 244 94 244
10 137 21 137
49 22 54 23
109 11 120 11
15 116 16 120
2 190 13 190
2 233 13 233
54 116 65 116
147 44 147 52
83 203 84 206
55 66 66 66
113 176 117 177
125 204 135 204
9 2 12 3
169 80 180 80
13 1 23 1
81 193 82 197
3 163 8 164
24 141 27 143
40 79 51 79
150 149 152 152
125 75 136 75
5 229 8 231
89 217 100 217
2 218 2 227
92 182 103 182
40 5 43 7
53 53 62 53
182 94 187 95
190 48 195 49
177 235 185 235
68 130 73 131
99 59 110 59
175 199 179 200
3 0 6 2
153 132 158 133
129 50 140 50
36 208 47 208
60 242 63 244
181 166 183 169
63 1 68 2
64 72 75 72
132 217 135 219
0 108 1 113
178 66 181 68
151 236 153 239
22 145 33 145
175 165 175 173
52 184 63 184
32 111 40 111
96 154 104 154
130 183 141 183
198 240 199 244
38 240 49 240
131 97 138 97
186 71 189 73
187 153 195 153
74 135 83 135
95 231 106 231
40 86 41 89
34 130 44 130
189 198 194 199
135 5 146 5
84 102 87 103
161 14 172 14
56 38 58 40
53 77 56 79
0 102 7 102
189 10 193 11
55 19 65 19
150 180 161 180
155 116 166 116
7 155 18 155
154 140 165 140
116 235 127 235
64 82 75 82
89 124 93 125
115 57 126 57
174 52 175 55
151 213 156 214
183 160 184 164
75 64 77 67
41 70 52 70
108 24 112 25
36 229 47 229
65 203 75 203
95 214 102 214
147 169 158 169
75 95 78 97
147 171 154 171
21 33 31 33
150 208 153 209
91 175 94 177
115 224 118 226
2 97 10 97
55 135 65 135
152 97 161 97
59 122 64 123
96 127 101 128
24 64 28 65
111 83 122 83
103 109 114 109
36 245 47 245
174 233 185 233
12 25 13 28
34 211 39 212
111 37 114 39
103 35 114 35
178 222 189 222
84 122 89 123
45 19 48 21
120 212 125 213
101 42 111 42
173 51 184 51
96 23 107 23
26 126 30 127
100 103 110 103
78 19 88 19
90 64 93 66
12 93 20 93
45 191 53 191
107 58 118 58
174 61 181 61
4 153 9 154
53 16 56 18
31 106 42 106
56 83 58 85
47 27 58 27
157 213 160 214
45 113 56 113
9 57 20 57
90 130 101 130
28 44 36 44
67 42 75 42
94 28 99 29
119 160 121 163
0 11 0 22
41 138 49 138
98 54 100 57
185 9 193 9
193 182 195 185
65 93 69 94
50 210 53 211
94 42 96 45
96 11 101 12
72 49 83 49
31 51 36 52
166 39 177 39
77 13 82 14
165 190 176 190
188 232 199 232
41 45 44 47
128 142 138 142
167 3 178 3
161 101 172 101
144 149 149 150
31 137 36 138
1 173 12 173
92 206 95 208
167 152 178 152
154 124 165 124
61 45 69 45
158 129 168 129
83 96 85 98
188 177 199 177
120 12 125 13
12 114 17 115
69 145 80 145
135 16 146 16
159 168 163 169
91 54 93 57
133 148 144 148
197 85 198 90
10 75 15 76
77 222 88 222
160 247 163 249
21 246 32 246
50 64 61 64
43 206 53 206
104 41 111 41
139 22 149 22
61 178 71 178
85 194 96 194
189 60 192 62
29 151 32 152
81 5 90 5
106 105 109 107
53 117 63 117
123 93 126 95
126 198 137 198
105 84 112 84
189 201 192 203
59 240 64 241
9 212 20 212
149 30 152 31
194 0 199 1
151 158 162 158
142 180 147 181
192 58 197 59
23 229 31 229
48 141 57 141
150 121 161 121
90 131 93 132
63 224 68 225
128 91 139 91
31 194 41 194
48 193 59 193
138 24 143 25
158 84 168 84
192 213 193 218
1 178 12 178
169 220 171 222
112 195 121 195
6 166 17 166
73 212 84 212
43 101 54 101
127 5 132 6
126 162 129 164
104 160 115 160
184 189 195 189
123 154 128 155
124 151 134 151
82 113 93 113
109 167 120 167
64 75 67 76
76 185 85 185
197 246 199 249
16 88 18 91
6 36 9 38
170 122 173 123
18 123 26 123
133 164 143 164
18 29 20 31
19 217 30 217
71 183 73 185
92 167 97 168
148 204 149 209
47 132 49 135
54 238 64 238
62 249 73 249
63 120 67 121
71 12 82 12
199 166 199 176
29 209 40 209
36 165 44 165
178 188 181 190
164 13 174 13
144 25 155 25
0 209 3 211
196 234 196 244
183 140 194 140
151 142 160 142
150 90 161 90
113 2 118 3
126 134 137 134
79 26 88 26
61 41 63 43
128 37 131 39
77 2 82 3
28 187 39 187
151 179 158 179
108 185 119 185
25 233 28 235
7 122 15 122
25 183 34 183
115 7 118 9
81 179 92 179
12 60 23 60
174 157 184 157
25 13 26 17
87 115 94 115
103 83 110 83
0 244 3 246
4 234 8 235
114 69 117 71
2 179 5 181
181 213 191 213
11 226 22 226
85 170 89 171
75 229 82 229
78 218 87 218
196 27 198 30
137 218 140 220
114 231 116 234
23 46 32 46
84 85 86 87
61 144 64 146
187 16 198 16
151 205 162 205
79 46 90 46
82 161 84 164
16 10 27 10
134 46 145 46
147 126 157 126
135 42 143 42
10 94 20 94
143 79 151 79
198 129 199 134
117 82 128 82
178 73 185 73
83 34 94 34
193 74 196 76
105 204 116 204
103 220 106 222
148 19 156 19
55 178 59 179
157 211 164 211
50 199 52 201
91 190 99 190
96 195 107 195
50 81 61 81
76 84 79 86
133 99 138 100
1 153 3 156
0 84 1 88
118 247 126 247
38 115 49 115
139 68 150 68
29 203 32 205
124 4 126 6
53 197 58 198
6 32 15 32
27 20 35 20
5 196 16 196
168 241 179 241
169 135 171 137
166 96 175 96
2 79 13 79
46 200 49 201
179 59 190 59
103 0 114 0
38 136 40 138
38 168 40 170
6 22 7 25
48 151 56 151
89 189 100 189
64 91 75 91
22 137 30 137
180 3 184 4
32 143 43 143
29 34 31 37
168 172 172 173
134 52 145 52
72 205 75 206
51 103 62 103
93 149 104 149
196 11 198 14
60 247 63 248
152 23 162 23
141 28 146 29
134 74 141 74
62 207 72 207
68 127 79 127
146 82 147 87
122 108 127 109
22 239 30 239
36 126 47 126
32 140 41 140
15 152 23 152
48 0 59 0
17 24 28 24
5 124 10 125
64 170 65 175
9 60 11 62
77 5 80 6
69 118 74 119
167 72 169 74
105 53 112 53
1 162 2 167
138 122 147 122
147 38 150 40
41 108 48 108
12 223 16 224
128 208 137 208
93 50 104 50
24 47 27 48
41 19 44 21
23 221 31 221
37 49 42 50
125 218 130 219
129 70 134 71
0 78 1 83
142 175 153 175
29 50 36 50
113 209 123 209
42 169 47 170
190 130 193 132
32 87 35 88
72 245 79 245
55 195 66 195
45 102 50 103
88 36 95 36
68 57 70 59
188 74 189 77
63 196 72 196
87 157 90 159
81 174 92 174
41 224 46 225
119 132 128 132
154 15 165 15
91 213 102 213
108 156 117 156
3 36 5 38
162 131 173 131
13 162 24 162
72 243 82 243
137 55 145 55
101 150 112 150
114 12 115 17
119 16 122 18
172 230 180 230
38 128 48 128
0 47 9 47
43 88 53 88
48 14 55 14
6 18 14 18
155 193 159 194
102 113 113 113
127 42 128 46
47 28 58 28
163 163 167 164
151 223 154 225
107 211 112 212
173 17 176 19
116 117 127 117
33 177 44 177
2 143 13 143
158 67 162 68
192 133 193 138
19 55 23 56
8 26 11 28
11 110 21 110
155 38 156 42
189 63 191 66
143 119 147 120
103 120 108 121
156 173 163 173
53 67 55 70
185 21 195 21
159 55 167 55
88 79 91 80
133 229 138 230
130 153 141 153
184 248 192 248
142 134 149 134
4 116 8 117
118 72 120 75
129 170 134 171
185 8 195 8
105 133 108 135
52 90 63 90
110 131 121 131
86 82 93 82
198 39 199 43
104 172 108 173
73 107 77 108
165 0 176 0
101 217 104 219
148 87 152 88
50 56 59 56
140 2 142 4
191 119 196 120
182 224 185 226
122 81 133 81
25 238 36 238
137 145 142 146
95 76 104 76
29 211 33 212
85 48 89 49
79 30 89 30
81 180 90 180
120 178 123 180
163 90 174 90
143 146 154 146
142 223 150 223
13 62 24 62
53 227 58 228
50 48 61 48
20 64 23 65
99 71 109 71
139 149 143 150
0 133 0 144
179 204 183 205
177 247 180 249
109 213 114 214
36 236 47 236
44 18 52 18
46 158 49 159
41 146 52 146
29 173 31 175
153 229 164 229
29 39 34 40
47 95 55 95
90 67 93 69
55 23 63 23
89 104 100 104
101 98 112 98
170 183 173 184
93 42 93 49
51 149 62 149
19 120 30 120
118 200 121 201
43 167 54 167
121 218 124 219
57 77 59 79
101 20 104 21
31 161 36 162
66 80 74 80
181 46 192 46
171 140 172 143
145 132 150 133
132 83 137 84
155 247 159 248
0 234 0 242
12 154 23 154
116 212 119 213
3 202 6 204
183 54 186 56
28 105 30 107
138 195 149 195
6 74 8 76
176 186 184 186
24 182 34 182
21 175 28 175
2 126 5 127
110 100 119 100
141 206 146 207
127 90 136 90
5 156 9 157
27 159 36 159
181 130 182 133
12 70 21 70
178 146 185 146
25 117 33 117
6 174 8 176
151 207 162 207
58 17 63 18
189 168 190 172
176 76 183 76
115 159 124 159
175 99 185 99
0 163 0 170
34 216 44 216
0 213 0 224
39 228 50 228
146 152 148 154
93 238 104 238
188 118 198 118
56 98 58 101
0 0 2 3
7 112 16 112
173 60 181 60
108 73 113 74
60 162 69 162
90 62 101 62
143 81 145 83
107 152 111 153
68 74 78 74
92 141 96 142
114 21 118 22
11 89 15 90
1 36 1 46
169 188 177 188
145 188 153 188
129 236 133 237
140 13 144 14
83 231 94 231
22 200 30 200
154 102 162 102
92 147 101 147
33 64 37 65
155 148 160 149
108 95 117 95
118 46 125 46
12 215 15 217
178 41 182 42
68 247 77 247
67 100 70 102
54 75 63 75
92 27 101 27
95 17 100 18
6 108 9 110
43 32 48 33
37 237 42 238
43 40 54 40
41 91 50 91
45 203 49 204
195 53 198 55
68 241 79 241
161 144 162 149
48 194 50 196
174 110 184 110
187 15 198 15
91 31 96 32
79 115 86 115
163 112 174 112
40 92 42 95
145 148 152 148
175 20 183 20
137 1 145 1
32 77 39 77
93 210 98 211
98 245 99 249
20 25 31 25
159 58 162 60
152 47 157 48
26 213 29 215
149 11 153 12
173 143 182 143
60 188 67 188
95 203 100 204
63 57 67 58
50 164 58 164
25 205 28 206
53 111 56 112
136 191 139 193
12 49 23 49
58 68 62 69
29 226 31 228
0 249 9 249
71 10 74 11
37 203 40 205
94 47 97 48
119 85 126 85
46 186 56 186
193 201 198 202
61 209 72 209
131 244 142 244
191 23 195 24
131 135 138 135
89 87 92 88
133 111 138 112
14 176 17 178
16 21 21 22
100 93 104 94
162 91 167 92
135 96 146 96
196 2 197 6
180 240 183 242
2 61 7 62
0 69 0 76
160 160 163 162
135 154 138 156
51 19 54 21
9 230 12 231
167 202 169 205
15 51 22 51
83 186 85 188
126 243 129 244
96 145 106 145
131 66 142 66
168 36 175 36
102 206 104 208
8 184 17 184
112 45 119 45
76 160 81 161
1 212 5 213
111 5 122 5
24 167 29 168
67 50 74 50
84 140 86 142
141 218 143 220
47 219 48 224
1 92 4 93
0 37 0 46
175 122 176 126
62 52 72 52
112 59 114 61
3 165 4 168
149 127 157 127
132 29 136 30
25 28 30 29
55 58 62 58
48 174 51 175
134 77 136 79
179 166 180 169
172 47 175 48
0 130 3 132
7 14 18 14
55 210 57 213
37 45 40 47
184 209 192 209
165 52 173 52
94 245 95 249
167 103 175 103
124 139 134 139
181 89 190 89
120 141 121 144
139 241 150 241
146 162 150 163
91 119 92 123
140 118 142 120
58 50 63 51
0 104 11 104
177 178 185 178
49 97 51 100
45 45 49 46
110 200 117 200
167 136 167 143
189 51 190 55
94 56 97 57
131 27 139 27
52 183 63 183
45 133 46 136
176 9 178 11
33 72 37 73
145 197 146 201
129 17 132 19
138 173 143 174
16 205 19 207
21 115 22 118
70 123 73 125
132 12 133 15
159 0 164 1
117 48 127 48
1 6 1 15
113 165 120 165
178 1 189 1
97 39 106 39
139 99 142 100
140 189 145 190
65 144 68 145
65 155 76 155
20 16 24 17
0 105 2 107
179 34 184 35
57 219 59 221
97 4 105 4
110 144 119 144
9 240 12 241
170 154 170 164
133 187 144 187
172 106 175 108
69 153 80 153
59 114 69 114
195 197 198 199
142 109 145 110
149 177 152 178
127 70 128 73
1 64 5 65
60 110 69 110
181 91 185 92
73 60 83 60
120 113 130 113
48 12 56 12
100 120 102 122
64 139 72 139
152 200 162 200
7 217 7 224
77 63 86 63
16 156 19 158
132 220 135 221
57 233 60 234
56 31 64 31
18 78 21 80
0 51 2 54
46 63 55 63
131 67 136 68
106 67 117 67
18 84 21 86
99 132 100 135
45 241 48 242
100 73 107 73
165 79 176 79
163 195 167 196
181 158 185 159
150 122 153 123
176 128 178 130
8 202 10 204
88 75 99 75
199 216 199 224
114 87 115 92
87 214 91 215
96 192 99 193
197 71 198 76
37 30 48 30
191 108 192 112
31 147 42 147
133 41 143 41
192 191 193 194
18 129 21 130
151 64 155 65
65 96 67 98
105 47 109 48
114 26 118 27
178 218 181 219
97 88 107 88
118 227 122 228
94 20 99 21
22 193 26 194
127 105 129 107
184 150 188 151
89 190 90 193
31 53 33 55
127 197 137 197
174 247 176 249
83 82 85 84
79 38 90 38
117 192 120 193
172 109 183 109
103 228 106 230
86 156 95 156
143 56 147 57
121 189 126 190
21 72 23 74
67 30 69 32
81 118 86 119
155 6 158 7
165 10 169 11
174 138 175 141
170 73 174 74
131 129 140 129
192 160 197 161
69 47 76 47
192 168 196 169
44 49 46 52
1 159 3 161
154 73 159 74
75 193 75 202
0 248 11 248
122 69 125 71
68 140 77 140
54 126 58 127
96 60 103 60
139 140 147 140
172 158 174 161
140 105 143 106
40 158 41 162
105 50 113 50
21 8 25 9
132 49 142 49
179 194 190 194
173 191 176 192
95 150 99 151
146 10 153 10
